
Time: 230924_07:25:16
Running Receiver for FIREBall image (TEXT) to image.txt...
Error: Moving file image.txt --> /home/fireball2/dobc/data/230924 FAILED

Time: 230924_07:25:22
Running Receiver for FIREBall image (TEXT) to image.txt...

Time: 230924_07:28:02
Running Receiver for FIREBall image (TEXT) to image.txt...
Error: Moving file image.txt --> /home/fireball2/dobc/data/230924 FAILED

Time: 230924_07:28:12
Running Receiver for FIREBall image (TEXT) to image.txt...
Error: Moving file image.txt --> /home/fireball2/dobc/data/230924 FAILED

Time: 230924_07:28:21
Running Receiver for FIREBall image (TEXT) to image.txt...
Error: Moving file image.txt --> /home/fireball2/dobc/data/230924 FAILED

Time: 230924_07:28:42
Running Receiver for FIREBall image (TEXT) to image.txt...
Error: Moving file image.txt --> /home/fireball2/dobc/data/230924 FAILED

Time: 230924_07:28:54
Running Receiver for FIREBall image (TEXT) to image.txt...
ValueError("invalid literal for long() with base 10: ''",) /home/fireball2/dobc/data/230924/image.txt
Error: Moving file image.txt --> /home/fireball2/dobc/data/230924 FAILED

Time: 230924_07:29:06
Running Receiver for FIREBall image (TEXT) to image.txt...

Time: 230924_07:30:48
Running Receiver for FIREBall image (TEXT) to image.txt...
Error: Moving file image.txt --> /home/fireball2/dobc/data/230924 FAILED

Time: 230924_07:30:57
Running Receiver for FIREBall image (TEXT) to image.txt...
Error: Moving file image.txt --> /home/fireball2/dobc/data/230924 FAILED

Time: 230924_07:31:03
Running Receiver for FIREBall image (TEXT) to image.txt...
ValueError("invalid literal for long() with base 10: '\\x03'",) /home/fireball2/dobc/data/230924/image.txt
Error: Moving file image.txt --> /home/fireball2/dobc/data/230924 FAILED

Time: 230924_07:31:30
Running Receiver for FIREBall image (TEXT) to image.txt...

Time: 230924_07:33:07
Running Receiver for FIREBall image (TEXT) to image.txt...
Error: Moving file image.txt --> /home/fireball2/dobc/data/230924 FAILED

Time: 230924_07:33:19
Running Receiver for FIREBall image (TEXT) to image.txt...
Error: Moving file image.txt --> /home/fireball2/dobc/data/230924 FAILED

Time: 230924_07:33:49
Running Receiver for FIREBall image (TEXT) to image.txt...
Error executing command: ./test --> Receiving --> image.txt

Time: 230924_07:34:02
Running Receiver for FIREBall image (TEXT) to image.txt...
