
Time: 230911_16:03:16
Running Receiver for FIREBall image (TEXT) to image.txt...
ValueError("invalid literal for long() with base 10: '\\xd09\\xe1\\x9e\\xcco\\x06'",) /home/fireball2/dobc/data/230911/image.txt
Error: Moving file image.txt --> /home/fireball2/dobc/data/230911 FAILED

Time: 230911_16:03:25
Running Receiver for FIREBall image (TEXT) to image.txt...

Time: 230911_16:03:52
Running Receiver for FIREBall image (TEXT) to image.txt...
Error: Moving file image.txt --> /home/fireball2/dobc/data/230911 FAILED

Time: 230911_16:04:17
Running Receiver for FIREBall image (TEXT) to image.txt...
Error: Moving file image.txt --> /home/fireball2/dobc/data/230911 FAILED

Time: 230911_16:04:44
Running Receiver for FIREBall image (TEXT) to image.txt...
Error: Moving file image.txt --> /home/fireball2/dobc/data/230911 FAILED

Time: 230911_16:05:08
Running Receiver for FIREBall image (TEXT) to image.txt...
Error: Moving file image.txt --> /home/fireball2/dobc/data/230911 FAILED

Time: 230911_16:05:20
Running Receiver for FIREBall image (TEXT) to image.txt...
Error: Moving file image.txt --> /home/fireball2/dobc/data/230911 FAILED

Time: 230911_16:05:26
Running Receiver for FIREBall image (TEXT) to image.txt...
ValueError("invalid literal for long() with base 10: '@t\\xa2\\x86\\xc3\\x80l\\x06\\x9e\\xe8q'",) /home/fireball2/dobc/data/230911/image.txt
Error: Moving file image.txt --> /home/fireball2/dobc/data/230911 FAILED

Time: 230911_16:06:14
Running Receiver for FIREBall image (TEXT) to image.txt...
Error: Moving file image.txt --> /home/fireball2/dobc/data/230911 FAILED

Time: 230911_16:06:32
Running Receiver for FIREBall image (TEXT) to image.txt...
Error: Moving file image.txt --> /home/fireball2/dobc/data/230911 FAILED

Time: 230911_16:06:50
Running Receiver for FIREBall image (TEXT) to image.txt...
Error: Moving file image.txt --> /home/fireball2/dobc/data/230911 FAILED

Time: 230911_16:07:14
Running Receiver for FIREBall image (TEXT) to image.txt...
Error: Moving file image.txt --> /home/fireball2/dobc/data/230911 FAILED

Time: 230911_16:07:32
Running Receiver for FIREBall image (TEXT) to image.txt...
Error: Moving file image.txt --> /home/fireball2/dobc/data/230911 FAILED

Time: 230911_16:07:41
Running Receiver for FIREBall image (TEXT) to image.txt...
Error: Moving file image.txt --> /home/fireball2/dobc/data/230911 FAILED

Time: 230911_16:08:14
Running Receiver for FIREBall image (TEXT) to image.txt...
Error: Moving file image.txt --> /home/fireball2/dobc/data/230911 FAILED

Time: 230911_16:08:44
Running Receiver for FIREBall image (TEXT) to image.txt...
Error: Moving file image.txt --> /home/fireball2/dobc/data/230911 FAILED

Time: 230911_16:09:11
Running Receiver for FIREBall image (TEXT) to image.txt...
Error: Moving file image.txt --> /home/fireball2/dobc/data/230911 FAILED

Time: 230911_16:09:38
Running Receiver for FIREBall image (TEXT) to image.txt...
Error: Moving file image.txt --> /home/fireball2/dobc/data/230911 FAILED

Time: 230911_16:10:35
Running Receiver for FIREBall image (TEXT) to image.txt...
Error: Moving file image.txt --> /home/fireball2/dobc/data/230911 FAILED

Time: 230911_16:10:59
Running Receiver for FIREBall image (TEXT) to image.txt...
Error: Moving file image.txt --> /home/fireball2/dobc/data/230911 FAILED

Time: 230911_16:11:17
Running Receiver for FIREBall image (TEXT) to image.txt...
Error: Moving file image.txt --> /home/fireball2/dobc/data/230911 FAILED

Time: 230911_16:11:38
Running Receiver for FIREBall image (TEXT) to image.txt...
Error: Moving file image.txt --> /home/fireball2/dobc/data/230911 FAILED

Time: 230911_16:11:53
Running Receiver for FIREBall image (TEXT) to image.txt...
Error: Moving file image.txt --> /home/fireball2/dobc/data/230911 FAILED

Time: 230911_16:12:38
Running Receiver for FIREBall image (TEXT) to image.txt...
Error: Moving file image.txt --> /home/fireball2/dobc/data/230911 FAILED

Time: 230911_16:12:47
Running Receiver for FIREBall image (TEXT) to image.txt...
Error: Moving file image.txt --> /home/fireball2/dobc/data/230911 FAILED

Time: 230911_16:12:53
Running Receiver for FIREBall image (TEXT) to image.txt...
ValueError("invalid literal for long() with base 10: '`\\x06'",) /home/fireball2/dobc/data/230911/image.txt
Error: Moving file image.txt --> /home/fireball2/dobc/data/230911 FAILED

Time: 230911_16:13:35
Running Receiver for FIREBall image (TEXT) to image.txt...
Error: Moving file image.txt --> /home/fireball2/dobc/data/230911 FAILED

Time: 230911_16:14:02
Running Receiver for FIREBall image (TEXT) to image.txt...
Error: Moving file image.txt --> /home/fireball2/dobc/data/230911 FAILED

Time: 230911_16:17:20
Running Receiver for FIREBall image (TEXT) to image.txt...
Error: Moving file image.txt --> /home/fireball2/dobc/data/230911 FAILED

Time: 230911_16:17:29
Running Receiver for FIREBall image (TEXT) to image.txt...
Error: Moving file image.txt --> /home/fireball2/dobc/data/230911 FAILED

Time: 230911_16:21:12
Running Receiver for FIREBall image (TEXT) to image.txt...
Error: Moving file image.txt --> /home/fireball2/dobc/data/230911 FAILED

Time: 230911_16:21:21
Running Receiver for FIREBall image (TEXT) to image.txt...
Error: Moving file image.txt --> /home/fireball2/dobc/data/230911 FAILED

Time: 230911_16:22:09
Running Receiver for FIREBall image (TEXT) to image.txt...
Error: Moving file image.txt --> /home/fireball2/dobc/data/230911 FAILED

Time: 230911_16:22:18
Running Receiver for FIREBall image (TEXT) to image.txt...
ValueError("invalid literal for long() with base 10: '\\xb6}'",) /home/fireball2/dobc/data/230911/image.txt
Error: Moving file image.txt --> /home/fireball2/dobc/data/230911 FAILED

Time: 230911_16:22:30
Running Receiver for FIREBall image (TEXT) to image.txt...

Time: 230911_16:22:57
Running Receiver for FIREBall image (TEXT) to image.txt...
Error: Moving file image.txt --> /home/fireball2/dobc/data/230911 FAILED

Time: 230911_16:23:21
Running Receiver for FIREBall image (TEXT) to image.txt...
Error: Moving file image.txt --> /home/fireball2/dobc/data/230911 FAILED

Time: 230911_16:23:51
Running Receiver for FIREBall image (TEXT) to image.txt...
ValueError('****CHECK: min value Corruption in File:',) /home/fireball2/dobc/data/230911/image.txt

Time: 230911_16:24:09
Running Receiver for FIREBall image (TEXT) to image.txt...
Error: Moving file image.txt --> /home/fireball2/dobc/data/230911 FAILED

Time: 230911_16:24:51
Running Receiver for FIREBall image (TEXT) to image.txt...

Time: 230911_16:26:46
Running Receiver for FIREBall image (TEXT) to image.txt...
Error: Moving file image.txt --> /home/fireball2/dobc/data/230911 FAILED

Time: 230911_16:26:58
Running Receiver for FIREBall image (TEXT) to image.txt...
Error: Moving file image.txt --> /home/fireball2/dobc/data/230911 FAILED

Time: 230911_16:27:04
Running Receiver for FIREBall image (TEXT) to image.txt...
Error: Moving file image.txt --> /home/fireball2/dobc/data/230911 FAILED

Time: 230911_16:28:28
Running Receiver for FIREBall image (TEXT) to image.txt...
ValueError('****CHECK: min value Corruption in File:',) /home/fireball2/dobc/data/230911/image.txt

Time: 230911_16:28:58
Running Receiver for FIREBall image (TEXT) to image.txt...
ValueError("invalid literal for long() with base 10: '`'",) /home/fireball2/dobc/data/230911/image.txt
Error: Moving file image.txt --> /home/fireball2/dobc/data/230911 FAILED

Time: 230911_16:29:37
Running Receiver for FIREBall image (TEXT) to image.txt...

Time: 230911_16:30:46
Running Receiver for FIREBall image (TEXT) to image.txt...
Error: Moving file image.txt --> /home/fireball2/dobc/data/230911 FAILED

Time: 230911_16:31:29
Running Receiver for FIREBall image (TEXT) to image.txt...
Error: Moving file image.txt --> /home/fireball2/dobc/data/230911 FAILED

Time: 230911_16:31:35
Running Receiver for FIREBall image (TEXT) to image.txt...
ValueError('null byte in argument for long()',) /home/fireball2/dobc/data/230911/image.txt
Error: Moving file image.txt --> /home/fireball2/dobc/data/230911 FAILED

Time: 230911_16:32:02
Running Receiver for FIREBall image (TEXT) to image.txt...
Error: Moving file image.txt --> /home/fireball2/dobc/data/230911 FAILED

Time: 230911_16:32:29
Running Receiver for FIREBall image (TEXT) to image.txt...
Error: Moving file image.txt --> /home/fireball2/dobc/data/230911 FAILED

Time: 230911_16:32:50
Running Receiver for FIREBall image (TEXT) to image.txt...
Error: Moving file image.txt --> /home/fireball2/dobc/data/230911 FAILED

Time: 230911_16:33:11
Running Receiver for FIREBall image (TEXT) to image.txt...
Error: Moving file image.txt --> /home/fireball2/dobc/data/230911 FAILED

Time: 230911_16:33:41
Running Receiver for FIREBall image (TEXT) to image.txt...
Error: Moving file image.txt --> /home/fireball2/dobc/data/230911 FAILED

Time: 230911_16:34:02
Running Receiver for FIREBall image (TEXT) to image.txt...
ValueError("invalid literal for long() with base 10: 'p\\x04\\xb6N'",) /home/fireball2/dobc/data/230911/image.txt
Error: Moving file image.txt --> /home/fireball2/dobc/data/230911 FAILED

Time: 230911_16:34:23
Running Receiver for FIREBall image (TEXT) to image.txt...

Time: 230911_16:35:14
Running Receiver for FIREBall image (TEXT) to image.txt...
Error: Moving file image.txt --> /home/fireball2/dobc/data/230911 FAILED

Time: 230911_16:35:44
Running Receiver for FIREBall image (TEXT) to image.txt...
ValueError('****CHECK: min value Corruption in File:',) /home/fireball2/dobc/data/230911/image.txt
Error: Moving file image.txt --> /home/fireball2/dobc/data/230911 FAILED

Time: 230911_16:36:14
Running Receiver for FIREBall image (TEXT) to image.txt...
Error: Moving file image.txt --> /home/fireball2/dobc/data/230911 FAILED

Time: 230911_16:36:26
Running Receiver for FIREBall image (TEXT) to image.txt...
ValueError("invalid literal for long() with base 10: ']\\xa0\\x85\\x1fP\\xba'",) /home/fireball2/dobc/data/230911/image.txt
Error: Moving file image.txt --> /home/fireball2/dobc/data/230911 FAILED

Time: 230911_16:36:47
Running Receiver for FIREBall image (TEXT) to image.txt...

Time: 230911_16:38:51
Running Receiver for FIREBall image (TEXT) to image.txt...
ValueError("invalid literal for long() with base 10: ''",) /home/fireball2/dobc/data/230911/image.txt
Error: Moving file image.txt --> /home/fireball2/dobc/data/230911 FAILED

Time: 230911_16:39:12
Running Receiver for FIREBall image (TEXT) to image.txt...
ValueError('****CHECK: min value Corruption in File:',) /home/fireball2/dobc/data/230911/image.txt

Time: 230911_16:41:13
Running Receiver for FIREBall image (TEXT) to image.txt...
ValueError("invalid literal for long() with base 10: '\\xc0\\x1e\\x01\\xd8c\\x18'",) /home/fireball2/dobc/data/230911/image.txt
Error: Moving file image.txt --> /home/fireball2/dobc/data/230911 FAILED

Time: 230911_16:41:34
Running Receiver for FIREBall image (TEXT) to image.txt...
ValueError("invalid literal for long() with base 10: '670\\x10\\x9b\\x83\\x80H\\x13\\xa2\\x02\\xaa\\xb2\\x9a\\x02\\xc2\\x8a\\x92\\x04\\xb2\\x8a\\xb2\\x02\\x9a\\x82\\x8a\\x8a\\x02\\x8a\\x92\\xaa\\xa2\\x02\\xba\\x92\\x8a\\x02\\xa2\\xca\\xa2\\x02\\x9a\\x92\\xba\\xba\\x02\\x8a\\xba\\x82\\x92\\x02\\x8a\\x82\\x8a\\xa2\\x02\\xba\\x92\\xca\\x02\\xac\\xca\\xaa\\x02\\xb2\\xc2\\xa2\\x02\\x8a\\xa2\\x8a\\xba\\x04\\xc2\\x9a\\xc2\\x02\\x92\\x8a\\x8a\\xca\\x02\\x8a\\x82\\xa2\\x92\\x02\\xb2\\xc2\\xc2\\x02\\xb2\\xb2\\x82\\x02\\xca\\xc2\\x9a\\x02\\x92\\x82\\xb2\\x82\\x02\\x8a\\x92\\x82\\xc2\\x02\\xb2\\xaa\\x8a\\x02\\xaa\\xc2\\xc2\\x02\\xca\\xca'",) /home/fireball2/dobc/data/230911/image.txt
Error: Moving file image.txt --> /home/fireball2/dobc/data/230911 FAILED

Time: 230911_16:43:37
Running Receiver for FIREBall image (TEXT) to image.txt...
ValueError("invalid literal for long() with base 10: '\\x03'",) /home/fireball2/dobc/data/230911/image.txt
Error: Moving file image.txt --> /home/fireball2/dobc/data/230911 FAILED

Time: 230911_16:43:58
Running Receiver for FIREBall image (TEXT) to image.txt...
ValueError('****CHECK: min value Corruption in File:',) /home/fireball2/dobc/data/230911/image.txt

Time: 230911_16:45:58
Running Receiver for FIREBall image (TEXT) to image.txt...
Error: Moving file image.txt --> /home/fireball2/dobc/data/230911 FAILED

Time: 230911_16:46:19
Running Receiver for FIREBall image (TEXT) to image.txt...
ValueError('****CHECK: min value Corruption in File:',) /home/fireball2/dobc/data/230911/image.txt

Time: 230911_16:47:02
Running Receiver for FIREBall image (TEXT) to image.txt...
Error: Moving file image.txt --> /home/fireball2/dobc/data/230911 FAILED

Time: 230911_16:47:47
Running Receiver for FIREBall image (TEXT) to image.txt...
Error: Moving file image.txt --> /home/fireball2/dobc/data/230911 FAILED

Time: 230911_16:48:17
Running Receiver for FIREBall image (TEXT) to image.txt...
Error: Moving file image.txt --> /home/fireball2/dobc/data/230911 FAILED

Time: 230911_16:48:23
Running Receiver for FIREBall image (TEXT) to image.txt...
Error: Moving file image.txt --> /home/fireball2/dobc/data/230911 FAILED

Time: 230911_16:50:05
Running Receiver for FIREBall image (TEXT) to image.txt...
Error: Moving file image.txt --> /home/fireball2/dobc/data/230911 FAILED

Time: 230911_16:50:47
Running Receiver for FIREBall image (TEXT) to image.txt...
ValueError("invalid literal for long() with base 10: '\\xc00\\xdch\\xcc'",) /home/fireball2/dobc/data/230911/image.txt
Error: Moving file image.txt --> /home/fireball2/dobc/data/230911 FAILED

Time: 230911_16:51:35
Running Receiver for FIREBall image (TEXT) to image.txt...

Time: 230911_16:53:40
Running Receiver for FIREBall image (TEXT) to image.txt...
Error: Moving file image.txt --> /home/fireball2/dobc/data/230911 FAILED

Time: 230911_16:56:40
Running Receiver for FIREBall image (TEXT) to image.txt...
ValueError("invalid literal for long() with base 10: '\\xc0g\\x81\\xf8\\xb4`\\x05\\xc0\\xe7n\\xd0\\x05\\x06\\xab\\x803b\\xf8\\x03`\\x03\\xd4\\x80\\x06'",) /home/fireball2/dobc/data/230911/image.txt
Error: Moving file image.txt --> /home/fireball2/dobc/data/230911 FAILED

Time: 230911_17:03:58
Running Receiver for FIREBall image (TEXT) to image.txt...

Time: 230911_17:05:51
Running Receiver for FIREBall image (TEXT) to image.txt...
ValueError("invalid literal for long() with base 10: '\\x18'",) /home/fireball2/dobc/data/230911/image.txt
Error: Moving file image.txt --> /home/fireball2/dobc/data/230911 FAILED

Time: 230911_17:06:21
Running Receiver for FIREBall image (TEXT) to image.txt...

Time: 230911_17:08:15
Running Receiver for FIREBall image (TEXT) to image.txt...
ValueError("invalid literal for long() with base 10: '\\xe6'",) /home/fireball2/dobc/data/230911/image.txt
Error: Moving file image.txt --> /home/fireball2/dobc/data/230911 FAILED

Time: 230911_17:08:45
Running Receiver for FIREBall image (TEXT) to image.txt...

Time: 230911_17:10:38
Running Receiver for FIREBall image (TEXT) to image.txt...
ValueError("invalid literal for long() with base 10: ''",) /home/fireball2/dobc/data/230911/image.txt
Error: Moving file image.txt --> /home/fireball2/dobc/data/230911 FAILED

Time: 230911_17:11:08
Running Receiver for FIREBall image (TEXT) to image.txt...

Time: 230911_17:13:01
Running Receiver for FIREBall image (TEXT) to image.txt...
ValueError("invalid literal for long() with base 10: '\\xc0f'",) /home/fireball2/dobc/data/230911/image.txt
Error: Moving file image.txt --> /home/fireball2/dobc/data/230911 FAILED

Time: 230911_17:13:31
Running Receiver for FIREBall image (TEXT) to image.txt...

Time: 230911_17:15:24
Running Receiver for FIREBall image (TEXT) to image.txt...
Error: Moving file image.txt --> /home/fireball2/dobc/data/230911 FAILED

Time: 230911_17:15:54
Running Receiver for FIREBall image (TEXT) to image.txt...

Time: 230911_17:17:48
Running Receiver for FIREBall image (TEXT) to image.txt...
Error: Moving file image.txt --> /home/fireball2/dobc/data/230911 FAILED

Time: 230911_17:18:18
Running Receiver for FIREBall image (TEXT) to image.txt...

Time: 230911_17:20:11
Running Receiver for FIREBall image (TEXT) to image.txt...
ValueError("invalid literal for long() with base 10: '\\xf0'",) /home/fireball2/dobc/data/230911/image.txt
Error: Moving file image.txt --> /home/fireball2/dobc/data/230911 FAILED

Time: 230911_17:20:41
Running Receiver for FIREBall image (TEXT) to image.txt...

Time: 230911_17:22:35
Running Receiver for FIREBall image (TEXT) to image.txt...
ValueError("invalid literal for long() with base 10: '\\x80\\xd8\\x8b'",) /home/fireball2/dobc/data/230911/image.txt
Error: Moving file image.txt --> /home/fireball2/dobc/data/230911 FAILED

Time: 230911_17:23:05
Running Receiver for FIREBall image (TEXT) to image.txt...

Time: 230911_17:25:01
Running Receiver for FIREBall image (TEXT) to image.txt...
ValueError("invalid literal for long() with base 10: '<fl\\x80\\x87\\x03'",) /home/fireball2/dobc/data/230911/image.txt
Error: Moving file image.txt --> /home/fireball2/dobc/data/230911 FAILED

Time: 230911_17:25:28
Running Receiver for FIREBall image (TEXT) to image.txt...

Time: 230911_17:27:19
Running Receiver for FIREBall image (TEXT) to image.txt...
ValueError("invalid literal for long() with base 10: ''",) /home/fireball2/dobc/data/230911/image.txt
Error: Moving file image.txt --> /home/fireball2/dobc/data/230911 FAILED

Time: 230911_17:27:52
Running Receiver for FIREBall image (TEXT) to image.txt...

Time: 230911_17:29:42
Running Receiver for FIREBall image (TEXT) to image.txt...
ValueError("invalid literal for long() with base 10: '\\x03V`\\xd8l\\x06'",) /home/fireball2/dobc/data/230911/image.txt
Error: Moving file image.txt --> /home/fireball2/dobc/data/230911 FAILED

Time: 230911_17:30:15
Running Receiver for FIREBall image (TEXT) to image.txt...

Time: 230911_17:32:06
Running Receiver for FIREBall image (TEXT) to image.txt...
ValueError("invalid literal for long() with base 10: ''",) /home/fireball2/dobc/data/230911/image.txt
Error: Moving file image.txt --> /home/fireball2/dobc/data/230911 FAILED

Time: 230911_17:32:36
Running Receiver for FIREBall image (TEXT) to image.txt...

Time: 230911_17:34:29
Running Receiver for FIREBall image (TEXT) to image.txt...
ValueError("invalid literal for long() with base 10: '\\xec\\x80.\\xc0l\\x01\\xfe`'",) /home/fireball2/dobc/data/230911/image.txt
Error: Moving file image.txt --> /home/fireball2/dobc/data/230911 FAILED

Time: 230911_17:35:00
Running Receiver for FIREBall image (TEXT) to image.txt...

Time: 230911_17:36:53
Running Receiver for FIREBall image (TEXT) to image.txt...
Error: Moving file image.txt --> /home/fireball2/dobc/data/230911 FAILED

Time: 230911_17:37:23
Running Receiver for FIREBall image (TEXT) to image.txt...

Time: 230911_17:39:17
Running Receiver for FIREBall image (TEXT) to image.txt...
ValueError('invalid literal for long() with base 10: \'\\xc6\\x1b\\xd8\\x83\\x82P\\xf0\\xc3"\\x05\'',) /home/fireball2/dobc/data/230911/image.txt
Error: Moving file image.txt --> /home/fireball2/dobc/data/230911 FAILED

Time: 230911_17:39:47
Running Receiver for FIREBall image (TEXT) to image.txt...

Time: 230911_17:40:26
Running Receiver for FIREBall image (TEXT) to image.txt...
Error: Moving file image.txt --> /home/fireball2/dobc/data/230911 FAILED

Time: 230911_17:42:09
Running Receiver for FIREBall image (TEXT) to image.txt...

Time: 230911_17:44:02
Running Receiver for FIREBall image (TEXT) to image.txt...
Error: Moving file image.txt --> /home/fireball2/dobc/data/230911 FAILED

Time: 230911_17:44:32
Running Receiver for FIREBall image (TEXT) to image.txt...

Time: 230911_17:46:25
Running Receiver for FIREBall image (TEXT) to image.txt...
Error: Moving file image.txt --> /home/fireball2/dobc/data/230911 FAILED

Time: 230911_17:46:55
Running Receiver for FIREBall image (TEXT) to image.txt...

Time: 230911_17:48:48
Running Receiver for FIREBall image (TEXT) to image.txt...
ValueError("invalid literal for long() with base 10: '\\x85`\\xc0`#`\\x186\\x1e'",) /home/fireball2/dobc/data/230911/image.txt
Error: Moving file image.txt --> /home/fireball2/dobc/data/230911 FAILED

Time: 230911_17:49:18
Running Receiver for FIREBall image (TEXT) to image.txt...

Time: 230911_17:51:12
Running Receiver for FIREBall image (TEXT) to image.txt...
ValueError("invalid literal for long() with base 10: ''",) /home/fireball2/dobc/data/230911/image.txt
Error: Moving file image.txt --> /home/fireball2/dobc/data/230911 FAILED

Time: 230911_17:51:42
Running Receiver for FIREBall image (TEXT) to image.txt...

Time: 230911_17:53:35
Running Receiver for FIREBall image (TEXT) to image.txt...
ValueError("invalid literal for long() with base 10: '\\x1b'",) /home/fireball2/dobc/data/230911/image.txt
Error: Moving file image.txt --> /home/fireball2/dobc/data/230911 FAILED

Time: 230911_17:54:05
Running Receiver for FIREBall image (TEXT) to image.txt...

Time: 230911_17:55:56
Running Receiver for FIREBall image (TEXT) to image.txt...
ValueError("invalid literal for long() with base 10: '`\\x1b\\x03'",) /home/fireball2/dobc/data/230911/image.txt
Error: Moving file image.txt --> /home/fireball2/dobc/data/230911 FAILED

Time: 230911_17:56:29
Running Receiver for FIREBall image (TEXT) to image.txt...

Time: 230911_17:58:19
Running Receiver for FIREBall image (TEXT) to image.txt...
ValueError("invalid literal for long() with base 10: ''",) /home/fireball2/dobc/data/230911/image.txt
Error: Moving file image.txt --> /home/fireball2/dobc/data/230911 FAILED

Time: 230911_17:58:49
Running Receiver for FIREBall image (TEXT) to image.txt...

Time: 230911_18:00:42
Running Receiver for FIREBall image (TEXT) to image.txt...
ValueError("invalid literal for long() with base 10: '@\\xc0\\xafM'",) /home/fireball2/dobc/data/230911/image.txt
Error: Moving file image.txt --> /home/fireball2/dobc/data/230911 FAILED

Time: 230911_18:01:13
Running Receiver for FIREBall image (TEXT) to image.txt...

Time: 230911_18:03:06
Running Receiver for FIREBall image (TEXT) to image.txt...
Error: Moving file image.txt --> /home/fireball2/dobc/data/230911 FAILED

Time: 230911_18:03:36
Running Receiver for FIREBall image (TEXT) to image.txt...

Time: 230911_18:05:30
Running Receiver for FIREBall image (TEXT) to image.txt...
ValueError("invalid literal for long() with base 10: ''",) /home/fireball2/dobc/data/230911/image.txt
Error: Moving file image.txt --> /home/fireball2/dobc/data/230911 FAILED

Time: 230911_18:06:00
Running Receiver for FIREBall image (TEXT) to image.txt...

Time: 230911_18:07:53
Running Receiver for FIREBall image (TEXT) to image.txt...
ValueError("invalid literal for long() with base 10: ''",) /home/fireball2/dobc/data/230911/image.txt
Error: Moving file image.txt --> /home/fireball2/dobc/data/230911 FAILED

Time: 230911_18:08:23
Running Receiver for FIREBall image (TEXT) to image.txt...

Time: 230911_18:10:14
Running Receiver for FIREBall image (TEXT) to image.txt...
ValueError("invalid literal for long() with base 10: '\\x03\\x90'",) /home/fireball2/dobc/data/230911/image.txt
Error: Moving file image.txt --> /home/fireball2/dobc/data/230911 FAILED

Time: 230911_18:10:47
Running Receiver for FIREBall image (TEXT) to image.txt...

Time: 230911_18:12:34
Running Receiver for FIREBall image (TEXT) to image.txt...
ValueError("invalid literal for long() with base 10: '1\\x18\\x016'",) /home/fireball2/dobc/data/230911/image.txt
Error: Moving file image.txt --> /home/fireball2/dobc/data/230911 FAILED

Time: 230911_18:13:10
Running Receiver for FIREBall image (TEXT) to image.txt...

Time: 230911_18:14:55
Running Receiver for FIREBall image (TEXT) to image.txt...
ValueError("invalid literal for long() with base 10: 'f\\x18'",) /home/fireball2/dobc/data/230911/image.txt
Error: Moving file image.txt --> /home/fireball2/dobc/data/230911 FAILED

Time: 230911_18:15:34
Running Receiver for FIREBall image (TEXT) to image.txt...

Time: 230911_18:17:18
Running Receiver for FIREBall image (TEXT) to image.txt...
Error: Moving file image.txt --> /home/fireball2/dobc/data/230911 FAILED

Time: 230911_18:17:54
Running Receiver for FIREBall image (TEXT) to image.txt...

Time: 230911_18:19:45
Running Receiver for FIREBall image (TEXT) to image.txt...
ValueError("invalid literal for long() with base 10: '\\x06@@\\xf0\\x86\\xe6<0\\xa0\\x01(0\\xc1'",) /home/fireball2/dobc/data/230911/image.txt
Error: Moving file image.txt --> /home/fireball2/dobc/data/230911 FAILED

Time: 230911_18:20:18
Running Receiver for FIREBall image (TEXT) to image.txt...

Time: 230911_18:22:04
Running Receiver for FIREBall image (TEXT) to image.txt...
ValueError("invalid literal for long() with base 10: ''",) /home/fireball2/dobc/data/230911/image.txt
Error: Moving file image.txt --> /home/fireball2/dobc/data/230911 FAILED

Time: 230911_18:22:40
Running Receiver for FIREBall image (TEXT) to image.txt...

Time: 230911_18:24:28
Running Receiver for FIREBall image (TEXT) to image.txt...
Error: Moving file image.txt --> /home/fireball2/dobc/data/230911 FAILED

Time: 230911_18:25:04
Running Receiver for FIREBall image (TEXT) to image.txt...

Time: 230911_18:26:51
Running Receiver for FIREBall image (TEXT) to image.txt...
ValueError("invalid literal for long() with base 10: '(0\\xc0cc\\x86'",) /home/fireball2/dobc/data/230911/image.txt
Error: Moving file image.txt --> /home/fireball2/dobc/data/230911 FAILED

Time: 230911_18:27:27
Running Receiver for FIREBall image (TEXT) to image.txt...

Time: 230911_18:29:12
Running Receiver for FIREBall image (TEXT) to image.txt...
Error: Moving file image.txt --> /home/fireball2/dobc/data/230911 FAILED

Time: 230911_18:29:51
Running Receiver for FIREBall image (TEXT) to image.txt...

Time: 230911_18:31:29
Running Receiver for FIREBall image (TEXT) to image.txt...
Error: Moving file image.txt --> /home/fireball2/dobc/data/230911 FAILED

Time: 230911_18:31:35
Running Receiver for FIREBall image (TEXT) to image.txt...
ValueError("invalid literal for long() with base 10: ''",) /home/fireball2/dobc/data/230911/image.txt
Error: Moving file image.txt --> /home/fireball2/dobc/data/230911 FAILED

Time: 230911_18:32:14
Running Receiver for FIREBall image (TEXT) to image.txt...

Time: 230911_18:34:02
Running Receiver for FIREBall image (TEXT) to image.txt...
ValueError("invalid literal for long() with base 10: '\\x03'",) /home/fireball2/dobc/data/230911/image.txt
Error: Moving file image.txt --> /home/fireball2/dobc/data/230911 FAILED

Time: 230911_18:34:38
Running Receiver for FIREBall image (TEXT) to image.txt...

Time: 230911_18:36:37
Running Receiver for FIREBall image (TEXT) to image.txt...
ValueError("invalid literal for long() with base 10: '\\x1b'",) /home/fireball2/dobc/data/230911/image.txt
Error: Moving file image.txt --> /home/fireball2/dobc/data/230911 FAILED

Time: 230911_18:37:01
Running Receiver for FIREBall image (TEXT) to image.txt...

Time: 230911_18:38:02
Running Receiver for FIREBall image (TEXT) to image.txt...
ValueError('****CHECK: min value Corruption in File:',) /home/fireball2/dobc/data/230911/image.txt

Time: 230911_18:39:00
Running Receiver for FIREBall image (TEXT) to image.txt...
Error: Moving file image.txt --> /home/fireball2/dobc/data/230911 FAILED

Time: 230911_18:39:24
Running Receiver for FIREBall image (TEXT) to image.txt...

Time: 230911_18:41:23
Running Receiver for FIREBall image (TEXT) to image.txt...
Error: Moving file image.txt --> /home/fireball2/dobc/data/230911 FAILED

Time: 230911_18:41:47
Running Receiver for FIREBall image (TEXT) to image.txt...

Time: 230911_18:43:49
Running Receiver for FIREBall image (TEXT) to image.txt...
ValueError("invalid literal for long() with base 10: '\\x03'",) /home/fireball2/dobc/data/230911/image.txt
Error: Moving file image.txt --> /home/fireball2/dobc/data/230911 FAILED

Time: 230911_18:44:10
Running Receiver for FIREBall image (TEXT) to image.txt...

Time: 230911_18:46:12
Running Receiver for FIREBall image (TEXT) to image.txt...
ValueError("invalid literal for long() with base 10: '\\xd4\\xff'",) /home/fireball2/dobc/data/230911/image.txt
Error: Moving file image.txt --> /home/fireball2/dobc/data/230911 FAILED

Time: 230911_18:46:33
Running Receiver for FIREBall image (TEXT) to image.txt...

Time: 230911_18:48:36
Running Receiver for FIREBall image (TEXT) to image.txt...
ValueError("invalid literal for long() with base 10: '\\x80\\x83\\x1b\\xb0'",) /home/fireball2/dobc/data/230911/image.txt
Error: Moving file image.txt --> /home/fireball2/dobc/data/230911 FAILED

Time: 230911_18:48:54
Running Receiver for FIREBall image (TEXT) to image.txt...

Time: 230911_18:49:49
Running Receiver for FIREBall image (TEXT) to image.txt...
ValueError("invalid literal for long() with base 10: ''",) /home/fireball2/dobc/data/230911/image.txt
Error: Moving file image.txt --> /home/fireball2/dobc/data/230911 FAILED

Time: 230911_18:51:19
Running Receiver for FIREBall image (TEXT) to image.txt...

Time: 230911_18:53:22
Running Receiver for FIREBall image (TEXT) to image.txt...
ValueError("invalid literal for long() with base 10: 'm\\x05'",) /home/fireball2/dobc/data/230911/image.txt
Error: Moving file image.txt --> /home/fireball2/dobc/data/230911 FAILED

Time: 230911_18:53:43
Running Receiver for FIREBall image (TEXT) to image.txt...

Time: 230911_18:55:45
Running Receiver for FIREBall image (TEXT) to image.txt...
ValueError("invalid literal for long() with base 10: '00\\x06'",) /home/fireball2/dobc/data/230911/image.txt
Error: Moving file image.txt --> /home/fireball2/dobc/data/230911 FAILED

Time: 230911_18:56:03
Running Receiver for FIREBall image (TEXT) to image.txt...

Time: 230911_18:58:08
Running Receiver for FIREBall image (TEXT) to image.txt...
Error: Moving file image.txt --> /home/fireball2/dobc/data/230911 FAILED

Time: 230911_18:58:26
Running Receiver for FIREBall image (TEXT) to image.txt...

Time: 230911_19:00:09
Running Receiver for FIREBall image (TEXT) to image.txt...
Error: Moving file image.txt --> /home/fireball2/dobc/data/230911 FAILED

Time: 230911_19:00:27
Running Receiver for FIREBall image (TEXT) to image.txt...
ValueError("invalid literal for long() with base 10: ''",) /home/fireball2/dobc/data/230911/image.txt
Error: Moving file image.txt --> /home/fireball2/dobc/data/230911 FAILED

Time: 230911_19:00:51
Running Receiver for FIREBall image (TEXT) to image.txt...

Time: 230911_19:01:52
Running Receiver for FIREBall image (TEXT) to image.txt...
ValueError('****CHECK: min value Corruption in File:',) /home/fireball2/dobc/data/230911/image.txt

Time: 230911_19:02:44
Running Receiver for FIREBall image (TEXT) to image.txt...
Error: Moving file image.txt --> /home/fireball2/dobc/data/230911 FAILED

Time: 230911_19:02:53
Running Receiver for FIREBall image (TEXT) to image.txt...
Error: Moving file image.txt --> /home/fireball2/dobc/data/230911 FAILED

Time: 230911_19:03:14
Running Receiver for FIREBall image (TEXT) to image.txt...

Time: 230911_19:04:09
Running Receiver for FIREBall image (TEXT) to image.txt...
Error: Moving file image.txt --> /home/fireball2/dobc/data/230911 FAILED

Time: 230911_19:05:15
Running Receiver for FIREBall image (TEXT) to image.txt...
Error: Moving file image.txt --> /home/fireball2/dobc/data/230911 FAILED

Time: 230911_19:05:36
Running Receiver for FIREBall image (TEXT) to image.txt...

Time: 230911_19:07:41
Running Receiver for FIREBall image (TEXT) to image.txt...
ValueError("invalid literal for long() with base 10: '!\\x94\\xd3'",) /home/fireball2/dobc/data/230911/image.txt
Error: Moving file image.txt --> /home/fireball2/dobc/data/230911 FAILED

Time: 230911_19:07:59
Running Receiver for FIREBall image (TEXT) to image.txt...

Time: 230911_19:10:02
Running Receiver for FIREBall image (TEXT) to image.txt...
Error: Moving file image.txt --> /home/fireball2/dobc/data/230911 FAILED

Time: 230911_19:10:14
Running Receiver for FIREBall image (TEXT) to image.txt...
ValueError("invalid literal for long() with base 10: '(\\x1e\\x18x`\\xc3\\x9b\\x06\\x83\\xc5x6\\x06'",) /home/fireball2/dobc/data/230911/image.txt
Error: Moving file image.txt --> /home/fireball2/dobc/data/230911 FAILED

Time: 230911_19:10:23
Running Receiver for FIREBall image (TEXT) to image.txt...

Time: 230911_19:12:25
Running Receiver for FIREBall image (TEXT) to image.txt...
ValueError("invalid literal for long() with base 10: 'r'",) /home/fireball2/dobc/data/230911/image.txt
Error: Moving file image.txt --> /home/fireball2/dobc/data/230911 FAILED

Time: 230911_19:12:46
Running Receiver for FIREBall image (TEXT) to image.txt...

Time: 230911_19:14:48
Running Receiver for FIREBall image (TEXT) to image.txt...
ValueError("invalid literal for long() with base 10: '`S\\x87\\xf0'",) /home/fireball2/dobc/data/230911/image.txt
Error: Moving file image.txt --> /home/fireball2/dobc/data/230911 FAILED

Time: 230911_19:15:09
Running Receiver for FIREBall image (TEXT) to image.txt...

Time: 230911_19:17:12
Running Receiver for FIREBall image (TEXT) to image.txt...
ValueError("invalid literal for long() with base 10: '\\x03'",) /home/fireball2/dobc/data/230911/image.txt
Error: Moving file image.txt --> /home/fireball2/dobc/data/230911 FAILED

Time: 230911_19:17:33
Running Receiver for FIREBall image (TEXT) to image.txt...

Time: 230911_19:19:36
Running Receiver for FIREBall image (TEXT) to image.txt...
ValueError("invalid literal for long() with base 10: ''",) /home/fireball2/dobc/data/230911/image.txt
Error: Moving file image.txt --> /home/fireball2/dobc/data/230911 FAILED

Time: 230911_19:19:54
Running Receiver for FIREBall image (TEXT) to image.txt...

Time: 230911_19:21:59
Running Receiver for FIREBall image (TEXT) to image.txt...
ValueError("invalid literal for long() with base 10: '1\\xc0\\xc3\\x06<\\x800\\x03\\x03\\xec'",) /home/fireball2/dobc/data/230911/image.txt
Error: Moving file image.txt --> /home/fireball2/dobc/data/230911 FAILED

Time: 230911_19:22:17
Running Receiver for FIREBall image (TEXT) to image.txt...

Time: 230911_19:24:20
Running Receiver for FIREBall image (TEXT) to image.txt...
ValueError('invalid literal for long() with base 10: \'"\\xc3\\x05\\x06\\x06\\x038\\x05\'',) /home/fireball2/dobc/data/230911/image.txt
Error: Moving file image.txt --> /home/fireball2/dobc/data/230911 FAILED

Time: 230911_19:24:41
Running Receiver for FIREBall image (TEXT) to image.txt...

Time: 230911_19:26:43
Running Receiver for FIREBall image (TEXT) to image.txt...
ValueError("invalid literal for long() with base 10: '\\x01@['",) /home/fireball2/dobc/data/230911/image.txt
Error: Moving file image.txt --> /home/fireball2/dobc/data/230911 FAILED

Time: 230911_19:27:04
Running Receiver for FIREBall image (TEXT) to image.txt...

Time: 230911_19:29:07
Running Receiver for FIREBall image (TEXT) to image.txt...
ValueError("invalid literal for long() with base 10: '\\x82mV\\x80<'",) /home/fireball2/dobc/data/230911/image.txt
Error: Moving file image.txt --> /home/fireball2/dobc/data/230911 FAILED

Time: 230911_19:29:28
Running Receiver for FIREBall image (TEXT) to image.txt...

Time: 230911_19:31:30
Running Receiver for FIREBall image (TEXT) to image.txt...
ValueError("invalid literal for long() with base 10: '\\xb7,\\xa0\\x0e`'",) /home/fireball2/dobc/data/230911/image.txt
Error: Moving file image.txt --> /home/fireball2/dobc/data/230911 FAILED

Time: 230911_19:31:51
Running Receiver for FIREBall image (TEXT) to image.txt...

Time: 230911_19:33:53
Running Receiver for FIREBall image (TEXT) to image.txt...
Error: Moving file image.txt --> /home/fireball2/dobc/data/230911 FAILED

Time: 230911_19:34:14
Running Receiver for FIREBall image (TEXT) to image.txt...

Time: 230911_19:36:16
Running Receiver for FIREBall image (TEXT) to image.txt...
ValueError("invalid literal for long() with base 10: '@\\x06'",) /home/fireball2/dobc/data/230911/image.txt
Error: Moving file image.txt --> /home/fireball2/dobc/data/230911 FAILED

Time: 230911_19:36:37
Running Receiver for FIREBall image (TEXT) to image.txt...

Time: 230911_19:38:40
Running Receiver for FIREBall image (TEXT) to image.txt...
ValueError("invalid literal for long() with base 10: '\\x18'",) /home/fireball2/dobc/data/230911/image.txt
Error: Moving file image.txt --> /home/fireball2/dobc/data/230911 FAILED

Time: 230911_19:39:01
Running Receiver for FIREBall image (TEXT) to image.txt...

Time: 230911_19:41:03
Running Receiver for FIREBall image (TEXT) to image.txt...
Error: Moving file image.txt --> /home/fireball2/dobc/data/230911 FAILED

Time: 230911_19:41:24
Running Receiver for FIREBall image (TEXT) to image.txt...

Time: 230911_19:43:12
Running Receiver for FIREBall image (TEXT) to image.txt...
Error: Moving file image.txt --> /home/fireball2/dobc/data/230911 FAILED

Time: 230911_19:43:45
Running Receiver for FIREBall image (TEXT) to image.txt...

Time: 230911_19:45:35
Running Receiver for FIREBall image (TEXT) to image.txt...
ValueError("invalid literal for long() with base 10: ''",) /home/fireball2/dobc/data/230911/image.txt
Error: Moving file image.txt --> /home/fireball2/dobc/data/230911 FAILED

Time: 230911_19:46:08
Running Receiver for FIREBall image (TEXT) to image.txt...

Time: 230911_19:47:56
Running Receiver for FIREBall image (TEXT) to image.txt...
Error: Moving file image.txt --> /home/fireball2/dobc/data/230911 FAILED

Time: 230911_19:48:32
Running Receiver for FIREBall image (TEXT) to image.txt...

Time: 230911_19:49:51
Running Receiver for FIREBall image (TEXT) to image.txt...
Error: Moving file image.txt --> /home/fireball2/dobc/data/230911 FAILED

Time: 230911_19:50:54
Running Receiver for FIREBall image (TEXT) to image.txt...

Time: 230911_19:52:47
Running Receiver for FIREBall image (TEXT) to image.txt...
Error: Moving file image.txt --> /home/fireball2/dobc/data/230911 FAILED

Time: 230911_19:53:17
Running Receiver for FIREBall image (TEXT) to image.txt...

Time: 230911_19:55:08
Running Receiver for FIREBall image (TEXT) to image.txt...
ValueError("invalid literal for long() with base 10: ''",) /home/fireball2/dobc/data/230911/image.txt
Error: Moving file image.txt --> /home/fireball2/dobc/data/230911 FAILED

Time: 230911_19:55:41
Running Receiver for FIREBall image (TEXT) to image.txt...

Time: 230911_19:57:32
Running Receiver for FIREBall image (TEXT) to image.txt...
ValueError("invalid literal for long() with base 10: ''",) /home/fireball2/dobc/data/230911/image.txt
Error: Moving file image.txt --> /home/fireball2/dobc/data/230911 FAILED

Time: 230911_19:58:05
Running Receiver for FIREBall image (TEXT) to image.txt...

Time: 230911_19:59:52
Running Receiver for FIREBall image (TEXT) to image.txt...
ValueError("invalid literal for long() with base 10: '\\xae\\x05\\x90\\x80|\\x83\\x03\\x06'",) /home/fireball2/dobc/data/230911/image.txt
Error: Moving file image.txt --> /home/fireball2/dobc/data/230911 FAILED

Time: 230911_20:00:28
Running Receiver for FIREBall image (TEXT) to image.txt...

Time: 230911_20:02:16
Running Receiver for FIREBall image (TEXT) to image.txt...
Error: Moving file image.txt --> /home/fireball2/dobc/data/230911 FAILED

Time: 230911_20:02:52
Running Receiver for FIREBall image (TEXT) to image.txt...

Time: 230911_20:04:39
Running Receiver for FIREBall image (TEXT) to image.txt...
ValueError("invalid literal for long() with base 10: '\\x1f\\xd8'",) /home/fireball2/dobc/data/230911/image.txt
Error: Moving file image.txt --> /home/fireball2/dobc/data/230911 FAILED

Time: 230911_20:05:15
Running Receiver for FIREBall image (TEXT) to image.txt...

Time: 230911_20:07:02
Running Receiver for FIREBall image (TEXT) to image.txt...
ValueError("invalid literal for long() with base 10: '\\x18'",) /home/fireball2/dobc/data/230911/image.txt
Error: Moving file image.txt --> /home/fireball2/dobc/data/230911 FAILED

Time: 230911_20:07:36
Running Receiver for FIREBall image (TEXT) to image.txt...

Time: 230911_20:09:25
Running Receiver for FIREBall image (TEXT) to image.txt...
ValueError("invalid literal for long() with base 10: '\\x03'",) /home/fireball2/dobc/data/230911/image.txt
Error: Moving file image.txt --> /home/fireball2/dobc/data/230911 FAILED

Time: 230911_20:09:59
Running Receiver for FIREBall image (TEXT) to image.txt...

Time: 230911_20:11:49
Running Receiver for FIREBall image (TEXT) to image.txt...
Error: Moving file image.txt --> /home/fireball2/dobc/data/230911 FAILED

Time: 230911_20:12:25
Running Receiver for FIREBall image (TEXT) to image.txt...

Time: 230911_20:14:09
Running Receiver for FIREBall image (TEXT) to image.txt...
ValueError("invalid literal for long() with base 10: '\\x1b\\x06'",) /home/fireball2/dobc/data/230911/image.txt
Error: Moving file image.txt --> /home/fireball2/dobc/data/230911 FAILED

Time: 230911_20:14:45
Running Receiver for FIREBall image (TEXT) to image.txt...

Time: 230911_20:16:33
Running Receiver for FIREBall image (TEXT) to image.txt...
Error: Moving file image.txt --> /home/fireball2/dobc/data/230911 FAILED

Time: 230911_20:17:09
Running Receiver for FIREBall image (TEXT) to image.txt...

Time: 230911_20:18:56
Running Receiver for FIREBall image (TEXT) to image.txt...
ValueError("invalid literal for long() with base 10: '<3f'",) /home/fireball2/dobc/data/230911/image.txt
Error: Moving file image.txt --> /home/fireball2/dobc/data/230911 FAILED

Time: 230911_20:19:32
Running Receiver for FIREBall image (TEXT) to image.txt...

Time: 230911_20:21:20
Running Receiver for FIREBall image (TEXT) to image.txt...
ValueError("invalid literal for long() with base 10: '\\x03`\\x06'",) /home/fireball2/dobc/data/230911/image.txt
Error: Moving file image.txt --> /home/fireball2/dobc/data/230911 FAILED

Time: 230911_20:21:56
Running Receiver for FIREBall image (TEXT) to image.txt...

Time: 230911_20:23:43
Running Receiver for FIREBall image (TEXT) to image.txt...
Error: Moving file image.txt --> /home/fireball2/dobc/data/230911 FAILED

Time: 230911_20:24:19
Running Receiver for FIREBall image (TEXT) to image.txt...

Time: 230911_20:26:09
Running Receiver for FIREBall image (TEXT) to image.txt...
ValueError("invalid literal for long() with base 10: '\\x05\\xb6\\x8a'",) /home/fireball2/dobc/data/230911/image.txt
Error: Moving file image.txt --> /home/fireball2/dobc/data/230911 FAILED

Time: 230911_20:26:42
Running Receiver for FIREBall image (TEXT) to image.txt...

Time: 230911_20:28:32
Running Receiver for FIREBall image (TEXT) to image.txt...
ValueError("invalid literal for long() with base 10: '0\\x1d\\xcc'",) /home/fireball2/dobc/data/230911/image.txt
Error: Moving file image.txt --> /home/fireball2/dobc/data/230911 FAILED

Time: 230911_20:29:05
Running Receiver for FIREBall image (TEXT) to image.txt...

Time: 230911_20:30:56
Running Receiver for FIREBall image (TEXT) to image.txt...
ValueError('null byte in argument for long()',) /home/fireball2/dobc/data/230911/image.txt
Error: Moving file image.txt --> /home/fireball2/dobc/data/230911 FAILED

Time: 230911_20:31:29
Running Receiver for FIREBall image (TEXT) to image.txt...

Time: 230911_20:33:16
Running Receiver for FIREBall image (TEXT) to image.txt...
ValueError("invalid literal for long() with base 10: ''",) /home/fireball2/dobc/data/230911/image.txt
Error: Moving file image.txt --> /home/fireball2/dobc/data/230911 FAILED

Time: 230911_20:33:49
Running Receiver for FIREBall image (TEXT) to image.txt...

Time: 230911_20:35:40
Running Receiver for FIREBall image (TEXT) to image.txt...
ValueError('null byte in argument for long()',) /home/fireball2/dobc/data/230911/image.txt
Error: Moving file image.txt --> /home/fireball2/dobc/data/230911 FAILED

Time: 230911_20:36:13
Running Receiver for FIREBall image (TEXT) to image.txt...

Time: 230911_20:38:03
Running Receiver for FIREBall image (TEXT) to image.txt...
ValueError("invalid literal for long() with base 10: 'd\\xb8\\x06F<\\x98\\xcc0\\x03\\xbcG\\xb8\\xec\\xf0\\xc3\\x81'",) /home/fireball2/dobc/data/230911/image.txt
Error: Moving file image.txt --> /home/fireball2/dobc/data/230911 FAILED

Time: 230911_20:38:36
Running Receiver for FIREBall image (TEXT) to image.txt...

Time: 230911_20:40:26
Running Receiver for FIREBall image (TEXT) to image.txt...
Error: Moving file image.txt --> /home/fireball2/dobc/data/230911 FAILED

Time: 230911_20:40:59
Running Receiver for FIREBall image (TEXT) to image.txt...

Time: 230911_20:42:50
Running Receiver for FIREBall image (TEXT) to image.txt...
Error: Moving file image.txt --> /home/fireball2/dobc/data/230911 FAILED

Time: 230911_20:43:23
Running Receiver for FIREBall image (TEXT) to image.txt...

Time: 230911_20:45:13
Running Receiver for FIREBall image (TEXT) to image.txt...
ValueError("invalid literal for long() with base 10: '\\xb8\\xf7\\x18\\xc1\\xc0\\xa00\\x1a'",) /home/fireball2/dobc/data/230911/image.txt
Error: Moving file image.txt --> /home/fireball2/dobc/data/230911 FAILED

Time: 230911_20:45:46
Running Receiver for FIREBall image (TEXT) to image.txt...

Time: 230911_20:47:37
Running Receiver for FIREBall image (TEXT) to image.txt...
ValueError("invalid literal for long() with base 10: ''",) /home/fireball2/dobc/data/230911/image.txt
Error: Moving file image.txt --> /home/fireball2/dobc/data/230911 FAILED

Time: 230911_20:48:10
Running Receiver for FIREBall image (TEXT) to image.txt...

Time: 230911_20:49:57
Running Receiver for FIREBall image (TEXT) to image.txt...
ValueError("invalid literal for long() with base 10: ''",) /home/fireball2/dobc/data/230911/image.txt
Error: Moving file image.txt --> /home/fireball2/dobc/data/230911 FAILED

Time: 230911_20:51:43
Running Receiver for FIREBall image (TEXT) to image.txt...

Time: 230911_20:53:33
Running Receiver for FIREBall image (TEXT) to image.txt...
ValueError("invalid literal for long() with base 10: ''",) /home/fireball2/dobc/data/230911/image.txt
Error: Moving file image.txt --> /home/fireball2/dobc/data/230911 FAILED

Time: 230911_20:54:36
Running Receiver for FIREBall image (TEXT) to image.txt...

Time: 230911_20:56:27
Running Receiver for FIREBall image (TEXT) to image.txt...
Error: Moving file image.txt --> /home/fireball2/dobc/data/230911 FAILED

Time: 230911_20:57:39
Running Receiver for FIREBall image (TEXT) to image.txt...

Time: 230911_20:59:41
Running Receiver for FIREBall image (TEXT) to image.txt...
ValueError("invalid literal for long() with base 10: '\\xf5\\x01\\xd2T\\x04\\x80\\x03\\x18&\\x02\\x06'",) /home/fireball2/dobc/data/230911/image.txt
Error: Moving file image.txt --> /home/fireball2/dobc/data/230911 FAILED

Time: 230911_21:01:11
Running Receiver for FIREBall image (TEXT) to image.txt...

Time: 230911_21:03:14
Running Receiver for FIREBall image (TEXT) to image.txt...
Error: Moving file image.txt --> /home/fireball2/dobc/data/230911 FAILED

Time: 230911_21:03:44
Running Receiver for FIREBall image (TEXT) to image.txt...

Time: 230911_21:05:45
Running Receiver for FIREBall image (TEXT) to image.txt...
ValueError("invalid literal for long() with base 10: ''",) /home/fireball2/dobc/data/230911/image.txt
Error: Moving file image.txt --> /home/fireball2/dobc/data/230911 FAILED

Time: 230911_21:06:57
Running Receiver for FIREBall image (TEXT) to image.txt...

Time: 230911_21:09:02
Running Receiver for FIREBall image (TEXT) to image.txt...
ValueError("invalid literal for long() with base 10: '\\xfcx\\xf5\\xe9\\x80\\xe4'",) /home/fireball2/dobc/data/230911/image.txt
Error: Moving file image.txt --> /home/fireball2/dobc/data/230911 FAILED

Time: 230911_21:10:41
Running Receiver for FIREBall image (TEXT) to image.txt...

Time: 230911_21:12:43
Running Receiver for FIREBall image (TEXT) to image.txt...
ValueError("invalid literal for long() with base 10: '\\x800'",) /home/fireball2/dobc/data/230911/image.txt
Error: Moving file image.txt --> /home/fireball2/dobc/data/230911 FAILED

Time: 230911_21:13:23
Running Receiver for FIREBall image (TEXT) to image.txt...

Time: 230911_21:15:12
Running Receiver for FIREBall image (TEXT) to image.txt...
ValueError("invalid literal for long() with base 10: '\\x01\\x8c\\x80\\x18\\x19\\x88'",) /home/fireball2/dobc/data/230911/image.txt
Error: Moving file image.txt --> /home/fireball2/dobc/data/230911 FAILED

Time: 230911_21:18:27
Running Receiver for FIREBall image (TEXT) to image.txt...
Error: Moving file image.txt --> /home/fireball2/dobc/data/230911 FAILED

Time: 230911_21:20:12
Running Receiver for FIREBall image (TEXT) to image.txt...
Error: Moving file image.txt --> /home/fireball2/dobc/data/230911 FAILED

Time: 230911_21:20:51
Running Receiver for FIREBall image (TEXT) to image.txt...
ValueError('****CHECK: min value Corruption in File:',) /home/fireball2/dobc/data/230911/image.txt

Time: 230911_21:22:32
Running Receiver for FIREBall image (TEXT) to image.txt...
Error: Moving file image.txt --> /home/fireball2/dobc/data/230911 FAILED

Time: 230911_21:23:14
Running Receiver for FIREBall image (TEXT) to image.txt...

Time: 230911_21:24:55
Running Receiver for FIREBall image (TEXT) to image.txt...
ValueError('null byte in argument for long()',) /home/fireball2/dobc/data/230911/image.txt
Error: Moving file image.txt --> /home/fireball2/dobc/data/230911 FAILED

Time: 230911_21:34:58
Running Receiver for FIREBall image (TEXT) to image.txt...

Time: 230911_21:36:39
Running Receiver for FIREBall image (TEXT) to image.txt...
Error: Moving file image.txt --> /home/fireball2/dobc/data/230911 FAILED

Time: 230911_21:44:51
Running Receiver for FIREBall image (TEXT) to image.txt...

Time: 230911_21:46:36
Running Receiver for FIREBall image (TEXT) to image.txt...
Error: Moving file image.txt --> /home/fireball2/dobc/data/230911 FAILED

Time: 230911_21:49:33
Running Receiver for FIREBall image (TEXT) to image.txt...
ValueError("invalid literal for long() with base 10: ''",) /home/fireball2/dobc/data/230911/image.txt
Error: Moving file image.txt --> /home/fireball2/dobc/data/230911 FAILED

Time: 230911_21:49:54
Running Receiver for FIREBall image (TEXT) to image.txt...

Time: 230911_21:51:38
Running Receiver for FIREBall image (TEXT) to image.txt...
Error: Moving file image.txt --> /home/fireball2/dobc/data/230911 FAILED

Time: 230911_21:52:41
Running Receiver for FIREBall image (TEXT) to image.txt...
Error: Moving file image.txt --> /home/fireball2/dobc/data/230911 FAILED

Time: 230911_21:55:38
Running Receiver for FIREBall image (TEXT) to image.txt...

Time: 230911_21:57:22
Running Receiver for FIREBall image (TEXT) to image.txt...
ValueError("invalid literal for long() with base 10: '\\xa7}\\x9b\\x18f'",) /home/fireball2/dobc/data/230911/image.txt
Error: Moving file image.txt --> /home/fireball2/dobc/data/230911 FAILED

Time: 230911_21:58:01
Running Receiver for FIREBall image (TEXT) to image.txt...

Time: 230911_21:59:45
Running Receiver for FIREBall image (TEXT) to image.txt...
ValueError("invalid literal for long() with base 10: '\\x93\\xb9\\xc0@\\xb6\\xd8\\xde\\xf6\\x8cP\\xc5U\\x1b\\xd0\\x89`9\\x9e\\xcf'",) /home/fireball2/dobc/data/230911/image.txt
Error: Moving file image.txt --> /home/fireball2/dobc/data/230911 FAILED

Time: 230911_22:00:25
Running Receiver for FIREBall image (TEXT) to image.txt...

Time: 230911_22:02:06
Running Receiver for FIREBall image (TEXT) to image.txt...
ValueError("invalid literal for long() with base 10: '`|'",) /home/fireball2/dobc/data/230911/image.txt
Error: Moving file image.txt --> /home/fireball2/dobc/data/230911 FAILED

Time: 230911_22:06:36
Running Receiver for FIREBall image (TEXT) to image.txt...

Time: 230911_22:07:53
Running Receiver for FIREBall image (TEXT) to image.txt...
Error: Moving file image.txt --> /home/fireball2/dobc/data/230911 FAILED

Time: 230911_22:08:17
Running Receiver for FIREBall image (TEXT) to image.txt...
Error: Moving file image.txt --> /home/fireball2/dobc/data/230911 FAILED

Time: 230911_22:13:50
Running Receiver for FIREBall image (TEXT) to image.txt...
Error: Moving file image.txt --> /home/fireball2/dobc/data/230911 FAILED

Time: 230911_22:14:08
Running Receiver for FIREBall image (TEXT) to image.txt...
Error: Moving file image.txt --> /home/fireball2/dobc/data/230911 FAILED

Time: 230911_22:14:27
Running Receiver for FIREBall image (TEXT) to image.txt...
Error: Moving file image.txt --> /home/fireball2/dobc/data/230911 FAILED

Time: 230911_22:23:42
Running Receiver for FIREBall image (TEXT) to image.txt...
Error: Moving file image.txt --> /home/fireball2/dobc/data/230911 FAILED

Time: 230911_22:25:00
Running Receiver for FIREBall image (TEXT) to image.txt...
Error: Moving file image.txt --> /home/fireball2/dobc/data/230911 FAILED

Time: 230911_22:25:06
Running Receiver for FIREBall image (TEXT) to image.txt...
Error: Moving file image.txt --> /home/fireball2/dobc/data/230911 FAILED

Time: 230911_22:25:21
Running Receiver for FIREBall image (TEXT) to image.txt...
Error: Moving file image.txt --> /home/fireball2/dobc/data/230911 FAILED

Time: 230911_22:25:30
Running Receiver for FIREBall image (TEXT) to image.txt...
Error: Moving file image.txt --> /home/fireball2/dobc/data/230911 FAILED

Time: 230911_22:25:42
Running Receiver for FIREBall image (TEXT) to image.txt...

Time: 230911_22:27:23
Running Receiver for FIREBall image (TEXT) to image.txt...
Error: Moving file image.txt --> /home/fireball2/dobc/data/230911 FAILED

Time: 230911_22:28:05
Running Receiver for FIREBall image (TEXT) to image.txt...
ValueError("invalid literal for long() with base 10: '\\x7f\\xf5\\x08\\xa0\\xbb\\xa0\\x98x\\x98\\x98\\xf8\\xe6\\xe6P\\x03_\\x14~\\x8f@\\x85'",) /home/fireball2/dobc/data/230911/image.txt
Error: Moving file image.txt --> /home/fireball2/dobc/data/230911 FAILED

Time: 230911_22:29:47
Running Receiver for FIREBall image (TEXT) to image.txt...
Error: Moving file image.txt --> /home/fireball2/dobc/data/230911 FAILED

Time: 230911_22:29:53
Running Receiver for FIREBall image (TEXT) to image.txt...
Error: Moving file image.txt --> /home/fireball2/dobc/data/230911 FAILED

Time: 230911_22:30:02
Running Receiver for FIREBall image (TEXT) to image.txt...
Error: Moving file image.txt --> /home/fireball2/dobc/data/230911 FAILED

Time: 230911_22:30:38
Running Receiver for FIREBall image (TEXT) to image.txt...
Error: Moving file image.txt --> /home/fireball2/dobc/data/230911 FAILED

Time: 230911_22:31:11
Running Receiver for FIREBall image (TEXT) to image.txt...
Error: Moving file image.txt --> /home/fireball2/dobc/data/230911 FAILED

Time: 230911_22:31:32
Running Receiver for FIREBall image (TEXT) to image.txt...
Error: Moving file image.txt --> /home/fireball2/dobc/data/230911 FAILED

Time: 230911_22:31:47
Running Receiver for FIREBall image (TEXT) to image.txt...
Error: Moving file image.txt --> /home/fireball2/dobc/data/230911 FAILED

Time: 230911_22:32:11
Running Receiver for FIREBall image (TEXT) to image.txt...
Error: Moving file image.txt --> /home/fireball2/dobc/data/230911 FAILED

Time: 230911_22:32:17
Running Receiver for FIREBall image (TEXT) to image.txt...
ValueError("invalid literal for long() with base 10: 'q\\x96d\\xfa'",) /home/fireball2/dobc/data/230911/image.txt
Error: Moving file image.txt --> /home/fireball2/dobc/data/230911 FAILED

Time: 230911_22:32:53
Running Receiver for FIREBall image (TEXT) to image.txt...
ValueError("invalid literal for long() with base 10: '\\x1e8~\\xfcs\\xe6\\xe6\\xce\\xf8\\xf4\\x9f\\x0e\\x0e\\xf2\\xce\\xfe\\xfe\\xfe\\xa0\\x7f\\xfe\\xf8\\xd6@\\x86\\xfe\\xf2\\x9e\\xe6\\xfe>\\xf8~\\xfe\\xcf\\xfe\\x9e\\xfe\\xfe\\xfe~\\xce\\x8a\\x9e\\xfe~\\x9e\\xfe\\x9e\\xfe\\xfe\\xfe\\xe0\\xe6~\\x1e\\xfe\\xfe\\x1e\\xfe\\xf8\\xfe\\x80\\x9e\\x98\\x06\\x80f\\xe0\\xf8'",) /home/fireball2/dobc/data/230911/image.txt
Error: Moving file image.txt --> /home/fireball2/dobc/data/230911 FAILED

Time: 230911_22:33:14
Running Receiver for FIREBall image (TEXT) to image.txt...
Error: Moving file image.txt --> /home/fireball2/dobc/data/230911 FAILED

Time: 230911_22:33:35
Running Receiver for FIREBall image (TEXT) to image.txt...
Error: Moving file image.txt --> /home/fireball2/dobc/data/230911 FAILED

Time: 230911_22:34:08
Running Receiver for FIREBall image (TEXT) to image.txt...
Error: Moving file image.txt --> /home/fireball2/dobc/data/230911 FAILED

Time: 230911_22:34:14
Running Receiver for FIREBall image (TEXT) to image.txt...
Error: Moving file image.txt --> /home/fireball2/dobc/data/230911 FAILED

Time: 230911_22:34:29
Running Receiver for FIREBall image (TEXT) to image.txt...
Error: Moving file image.txt --> /home/fireball2/dobc/data/230911 FAILED

Time: 230911_22:34:47
Running Receiver for FIREBall image (TEXT) to image.txt...
Error: Moving file image.txt --> /home/fireball2/dobc/data/230911 FAILED

Time: 230911_22:35:14
Running Receiver for FIREBall image (TEXT) to image.txt...
Error: Moving file image.txt --> /home/fireball2/dobc/data/230911 FAILED

Time: 230911_22:35:29
Running Receiver for FIREBall image (TEXT) to image.txt...
Error: Moving file image.txt --> /home/fireball2/dobc/data/230911 FAILED

Time: 230911_22:35:35
Running Receiver for FIREBall image (TEXT) to image.txt...
ValueError("invalid literal for long() with base 10: '9\\x8030\\x18\\x03\\xa6`\\x18\\x18\\xdb\\x80\\x18\\xc6\\x14\\x18'",) /home/fireball2/dobc/data/230911/image.txt
Error: Moving file image.txt --> /home/fireball2/dobc/data/230911 FAILED

Time: 230911_22:35:50
Running Receiver for FIREBall image (TEXT) to image.txt...
Error: Moving file image.txt --> /home/fireball2/dobc/data/230911 FAILED

Time: 230911_22:36:18
Running Receiver for FIREBall image (TEXT) to image.txt...
Error: Moving file image.txt --> /home/fireball2/dobc/data/230911 FAILED

Time: 230911_22:36:33
Running Receiver for FIREBall image (TEXT) to image.txt...
Error: Moving file image.txt --> /home/fireball2/dobc/data/230911 FAILED

Time: 230911_22:37:18
Running Receiver for FIREBall image (TEXT) to image.txt...
Error: Moving file image.txt --> /home/fireball2/dobc/data/230911 FAILED

Time: 230911_22:37:24
Running Receiver for FIREBall image (TEXT) to image.txt...
ValueError("invalid literal for long() with base 10: '\\x18'",) /home/fireball2/dobc/data/230911/image.txt
Error: Moving file image.txt --> /home/fireball2/dobc/data/230911 FAILED

Time: 230911_22:37:48
Running Receiver for FIREBall image (TEXT) to image.txt...
Error: Moving file image.txt --> /home/fireball2/dobc/data/230911 FAILED

Time: 230911_22:38:03
Running Receiver for FIREBall image (TEXT) to image.txt...
Error: Moving file image.txt --> /home/fireball2/dobc/data/230911 FAILED

Time: 230911_22:38:09
Running Receiver for FIREBall image (TEXT) to image.txt...
Error: Moving file image.txt --> /home/fireball2/dobc/data/230911 FAILED

Time: 230911_22:39:18
Running Receiver for FIREBall image (TEXT) to image.txt...
Error: Moving file image.txt --> /home/fireball2/dobc/data/230911 FAILED

Time: 230911_22:40:54
Running Receiver for FIREBall image (TEXT) to image.txt...
ValueError("invalid literal for long() with base 10: 'f~\\xe0\\xf0x'",) /home/fireball2/dobc/data/230911/image.txt
Error: Moving file image.txt --> /home/fireball2/dobc/data/230911 FAILED

Time: 230911_22:41:15
Running Receiver for FIREBall image (TEXT) to image.txt...
Error: Moving file image.txt --> /home/fireball2/dobc/data/230911 FAILED

Time: 230911_22:41:36
Running Receiver for FIREBall image (TEXT) to image.txt...
Error: Moving file image.txt --> /home/fireball2/dobc/data/230911 FAILED

Time: 230911_22:41:48
Running Receiver for FIREBall image (TEXT) to image.txt...
Error: Moving file image.txt --> /home/fireball2/dobc/data/230911 FAILED

Time: 230911_22:42:39
Running Receiver for FIREBall image (TEXT) to image.txt...
Error: Moving file image.txt --> /home/fireball2/dobc/data/230911 FAILED

Time: 230911_22:42:45
Running Receiver for FIREBall image (TEXT) to image.txt...
Error: Moving file image.txt --> /home/fireball2/dobc/data/230911 FAILED

Time: 230911_22:43:15
Running Receiver for FIREBall image (TEXT) to image.txt...
Error: Moving file image.txt --> /home/fireball2/dobc/data/230911 FAILED

Time: 230911_22:43:30
Running Receiver for FIREBall image (TEXT) to image.txt...
ValueError("invalid literal for long() with base 10: '\\x8c\\xac\\xf0\\x9b<\\xf0'",) /home/fireball2/dobc/data/230911/image.txt
Error: Moving file image.txt --> /home/fireball2/dobc/data/230911 FAILED

Time: 230911_22:44:00
Running Receiver for FIREBall image (TEXT) to image.txt...
Error: Moving file image.txt --> /home/fireball2/dobc/data/230911 FAILED

Time: 230911_22:44:27
Running Receiver for FIREBall image (TEXT) to image.txt...
Error: Moving file image.txt --> /home/fireball2/dobc/data/230911 FAILED

Time: 230911_22:44:42
Running Receiver for FIREBall image (TEXT) to image.txt...
Error: Moving file image.txt --> /home/fireball2/dobc/data/230911 FAILED

Time: 230911_22:45:42
Running Receiver for FIREBall image (TEXT) to image.txt...
Error: Moving file image.txt --> /home/fireball2/dobc/data/230911 FAILED

Time: 230911_22:46:06
Running Receiver for FIREBall image (TEXT) to image.txt...
Error: Moving file image.txt --> /home/fireball2/dobc/data/230911 FAILED

Time: 230911_22:46:30
Running Receiver for FIREBall image (TEXT) to image.txt...
ValueError("invalid literal for long() with base 10: ''",) /home/fireball2/dobc/data/230911/image.txt
Error: Moving file image.txt --> /home/fireball2/dobc/data/230911 FAILED

Time: 230911_22:46:51
Running Receiver for FIREBall image (TEXT) to image.txt...
Error: Moving file image.txt --> /home/fireball2/dobc/data/230911 FAILED

Time: 230911_22:47:45
Running Receiver for FIREBall image (TEXT) to image.txt...
Error: Moving file image.txt --> /home/fireball2/dobc/data/230911 FAILED

Time: 230911_22:48:30
Running Receiver for FIREBall image (TEXT) to image.txt...
ValueError("invalid literal for long() with base 10: '\\x1e'",) /home/fireball2/dobc/data/230911/image.txt
Error: Moving file image.txt --> /home/fireball2/dobc/data/230911 FAILED

Time: 230911_22:48:45
Running Receiver for FIREBall image (TEXT) to image.txt...
Error: Moving file image.txt --> /home/fireball2/dobc/data/230911 FAILED

Time: 230911_22:49:00
Running Receiver for FIREBall image (TEXT) to image.txt...
Error: Moving file image.txt --> /home/fireball2/dobc/data/230911 FAILED

Time: 230911_22:49:31
Running Receiver for FIREBall image (TEXT) to image.txt...
Error: Moving file image.txt --> /home/fireball2/dobc/data/230911 FAILED

Time: 230911_22:49:46
Running Receiver for FIREBall image (TEXT) to image.txt...
ValueError("invalid literal for long() with base 10: 'zc\\x83`\\xf6\\xe2\\x1fjs\\x1d\\xe6\\x18\\xf8'",) /home/fireball2/dobc/data/230911/image.txt
Error: Moving file image.txt --> /home/fireball2/dobc/data/230911 FAILED

Time: 230911_22:50:58
Running Receiver for FIREBall image (TEXT) to image.txt...
Error: Moving file image.txt --> /home/fireball2/dobc/data/230911 FAILED

Time: 230911_22:51:13
Running Receiver for FIREBall image (TEXT) to image.txt...
Error: Moving file image.txt --> /home/fireball2/dobc/data/230911 FAILED

Time: 230911_22:51:28
Running Receiver for FIREBall image (TEXT) to image.txt...
Error: Moving file image.txt --> /home/fireball2/dobc/data/230911 FAILED

Time: 230911_22:51:37
Running Receiver for FIREBall image (TEXT) to image.txt...
Error: Moving file image.txt --> /home/fireball2/dobc/data/230911 FAILED

Time: 230911_22:51:55
Running Receiver for FIREBall image (TEXT) to image.txt...
Error: Moving file image.txt --> /home/fireball2/dobc/data/230911 FAILED

Time: 230911_22:52:52
Running Receiver for FIREBall image (TEXT) to image.txt...
Error: Moving file image.txt --> /home/fireball2/dobc/data/230911 FAILED

Time: 230911_22:53:22
Running Receiver for FIREBall image (TEXT) to image.txt...
Error: Moving file image.txt --> /home/fireball2/dobc/data/230911 FAILED

Time: 230911_22:53:43
Running Receiver for FIREBall image (TEXT) to image.txt...
Error: Moving file image.txt --> /home/fireball2/dobc/data/230911 FAILED

Time: 230911_22:53:55
Running Receiver for FIREBall image (TEXT) to image.txt...
Error: Moving file image.txt --> /home/fireball2/dobc/data/230911 FAILED

Time: 230911_22:54:10
Running Receiver for FIREBall image (TEXT) to image.txt...
Error: Moving file image.txt --> /home/fireball2/dobc/data/230911 FAILED

Time: 230911_22:54:16
Running Receiver for FIREBall image (TEXT) to image.txt...
Error: Moving file image.txt --> /home/fireball2/dobc/data/230911 FAILED

Time: 230911_22:55:16
Running Receiver for FIREBall image (TEXT) to image.txt...
Error: Moving file image.txt --> /home/fireball2/dobc/data/230911 FAILED

Time: 230911_22:55:46
Running Receiver for FIREBall image (TEXT) to image.txt...
Error: Moving file image.txt --> /home/fireball2/dobc/data/230911 FAILED

Time: 230911_22:56:19
Running Receiver for FIREBall image (TEXT) to image.txt...
Error: Moving file image.txt --> /home/fireball2/dobc/data/230911 FAILED

Time: 230911_22:56:55
Running Receiver for FIREBall image (TEXT) to image.txt...
ValueError("invalid literal for long() with base 10: '\\xb3'",) /home/fireball2/dobc/data/230911/image.txt
Error: Moving file image.txt --> /home/fireball2/dobc/data/230911 FAILED

Time: 230911_22:58:04
Running Receiver for FIREBall image (TEXT) to image.txt...
Error: Moving file image.txt --> /home/fireball2/dobc/data/230911 FAILED

Time: 230911_22:58:40
Running Receiver for FIREBall image (TEXT) to image.txt...
Error: Moving file image.txt --> /home/fireball2/dobc/data/230911 FAILED

Time: 230911_22:59:10
Running Receiver for FIREBall image (TEXT) to image.txt...
Error: Moving file image.txt --> /home/fireball2/dobc/data/230911 FAILED

Time: 230911_23:00:07
Running Receiver for FIREBall image (TEXT) to image.txt...
Error: Moving file image.txt --> /home/fireball2/dobc/data/230911 FAILED

Time: 230911_23:01:01
Running Receiver for FIREBall image (TEXT) to image.txt...
ValueError("invalid literal for long() with base 10: '\\xc2\\\\'",) /home/fireball2/dobc/data/230911/image.txt
Error: Moving file image.txt --> /home/fireball2/dobc/data/230911 FAILED

Time: 230911_23:02:52
Running Receiver for FIREBall image (TEXT) to image.txt...
ValueError("invalid literal for long() with base 10: 'a'",) /home/fireball2/dobc/data/230911/image.txt
Error: Moving file image.txt --> /home/fireball2/dobc/data/230911 FAILED

Time: 230911_23:03:32
Running Receiver for FIREBall image (TEXT) to image.txt...
Error: Moving file image.txt --> /home/fireball2/dobc/data/230911 FAILED

Time: 230911_23:03:38
Running Receiver for FIREBall image (TEXT) to image.txt...
Error: Moving file image.txt --> /home/fireball2/dobc/data/230911 FAILED

Time: 230911_23:04:08
Running Receiver for FIREBall image (TEXT) to image.txt...
Error: Moving file image.txt --> /home/fireball2/dobc/data/230911 FAILED

Time: 230911_23:04:56
Running Receiver for FIREBall image (TEXT) to image.txt...
ValueError("invalid literal for long() with base 10: '0\\x18\\x1e`\\x06'",) /home/fireball2/dobc/data/230911/image.txt
Error: Moving file image.txt --> /home/fireball2/dobc/data/230911 FAILED

Time: 230911_23:05:38
Running Receiver for FIREBall image (TEXT) to image.txt...
Error: Moving file image.txt --> /home/fireball2/dobc/data/230911 FAILED

Time: 230911_23:06:02
Running Receiver for FIREBall image (TEXT) to image.txt...
ValueError("invalid literal for long() with base 10: '\\xea;\\x82\\xd1\\xaf\\xcd\\xb7\\x9d\\xdd\\xad\\xf2}\\xce%e\\xd2\\xbds}\\xba\\x910>]q\\x19\\x04\\x8a8\\xa3sR\\x08}X#\\xb4nV+\\xb4\\xe0'",) /home/fireball2/dobc/data/230911/image.txt
Error: Moving file image.txt --> /home/fireball2/dobc/data/230911 FAILED

Time: 230911_23:06:29
Running Receiver for FIREBall image (TEXT) to image.txt...
Error: Moving file image.txt --> /home/fireball2/dobc/data/230911 FAILED

Time: 230911_23:07:02
Running Receiver for FIREBall image (TEXT) to image.txt...
Error: Moving file image.txt --> /home/fireball2/dobc/data/230911 FAILED

Time: 230911_23:07:56
Running Receiver for FIREBall image (TEXT) to image.txt...
ValueError("invalid literal for long() with base 10: '\\xe5\\xc8\\xc0N\\x98\\xf3@\\xd0'",) /home/fireball2/dobc/data/230911/image.txt
Error: Moving file image.txt --> /home/fireball2/dobc/data/230911 FAILED

Time: 230911_23:08:41
Running Receiver for FIREBall image (TEXT) to image.txt...
Error: Moving file image.txt --> /home/fireball2/dobc/data/230911 FAILED

Time: 230911_23:09:23
Running Receiver for FIREBall image (TEXT) to image.txt...
ValueError("invalid literal for long() with base 10: ''",) /home/fireball2/dobc/data/230911/image.txt
Error: Moving file image.txt --> /home/fireball2/dobc/data/230911 FAILED

Time: 230911_23:09:47
Running Receiver for FIREBall image (TEXT) to image.txt...
ValueError("invalid literal for long() with base 10: '\\xf0\\x83\\x01!\\xd6\\x87\\x98\\x13l]xf\\x172\\xc4&\\x943^X\\xfb\\x18`\\x18=\\x05\\xf8\\xc9\\xfe\\xce\\xfe~\\xfd\\x86\\xe6H\\xbe\\xf8~\\xa2}\\x9ep4\\x9e\\xe0\\xea\\xa3\\xfe\\xc2'",) /home/fireball2/dobc/data/230911/image.txt
Error: Moving file image.txt --> /home/fireball2/dobc/data/230911 FAILED

Time: 230911_23:10:05
Running Receiver for FIREBall image (TEXT) to image.txt...
ValueError("invalid literal for long() with base 10: '`'",) /home/fireball2/dobc/data/230911/image.txt
Error: Moving file image.txt --> /home/fireball2/dobc/data/230911 FAILED

Time: 230911_23:10:35
Running Receiver for FIREBall image (TEXT) to image.txt...
Error: Moving file image.txt --> /home/fireball2/dobc/data/230911 FAILED

Time: 230911_23:10:56
Running Receiver for FIREBall image (TEXT) to image.txt...
Error: Moving file image.txt --> /home/fireball2/dobc/data/230911 FAILED

Time: 230911_23:11:23
Running Receiver for FIREBall image (TEXT) to image.txt...
Error: Moving file image.txt --> /home/fireball2/dobc/data/230911 FAILED

Time: 230911_23:11:56
Running Receiver for FIREBall image (TEXT) to image.txt...
ValueError("invalid literal for long() with base 10: '\\x8c\\xc6f\\x83'",) /home/fireball2/dobc/data/230911/image.txt
Error: Moving file image.txt --> /home/fireball2/dobc/data/230911 FAILED

Time: 230911_23:12:17
Running Receiver for FIREBall image (TEXT) to image.txt...
Error: Moving file image.txt --> /home/fireball2/dobc/data/230911 FAILED

Time: 230911_23:12:44
Running Receiver for FIREBall image (TEXT) to image.txt...
Error: Moving file image.txt --> /home/fireball2/dobc/data/230911 FAILED

Time: 230911_23:12:59
Running Receiver for FIREBall image (TEXT) to image.txt...
ValueError("invalid literal for long() with base 10: '\\xc4\\xfe\\xa8\\x80\\xce\\xf8\\xfd\\x08/\\x1b<\\x91\\x01\\xfe\\x85\\xc8\\x94\\xa5\\xe6\\xf0\\xeb\\xf3`\\xfe~\\xf8\\xce~~\\xf8\\xe6\\xfe\\x0f\\\\\\x06e}\\xb6\\xfe\\xe0f\\x86\\xfeH^\\x9e~\\x9e\\xfe\\x9e\\xfe\\xf8\\xfe\\xe6\\xfe\\xfe~\\xf8~\\xfe\\xf8\\xfe\\xfe~\\xf8\\x86\\x9e\\x86\\xf8\\xfe\\xe0\\xfe\\xf8~\\xfe\\xfe\\xf8\\xfe~~\\xfe\\xfe\\xe6~\\x86\\xf8\\x9e\\x9e\\xfe\\xfe\\xfe\\xe6\\xfe\\xe6~\\xfe\\xfe\\xfe\\xe6\\xe6\\xfe\\xfe\\xfe\\xfex\\xfe\\xfe\\xfe\\xfe\\xfe\\xfe\\xfe\\xfe\\xfe\\xfe\\x9e\\xfe\\xfe\\xfe\\xfe\\xfe\\xf8\\xfe\\xfe\\xf8\\xfe\\xfe\\xfe\\xfe~\\xfe\\xfe\\xfe\\xfe\\xfe\\xfe\\xf8\\xf8\\xfe\\xfe\\xfe\\xfe\\xfe~\\x9e~~\\xfe\\xfe\\xfe\\xfe\\xfe\\xfe~~\\xfe\\xfe\\xfef~\\x9e~\\x9e'",) /home/fireball2/dobc/data/230911/image.txt
Error: Moving file image.txt --> /home/fireball2/dobc/data/230911 FAILED

Time: 230911_23:16:39
Running Receiver for FIREBall image (TEXT) to image.txt...
Error: Moving file image.txt --> /home/fireball2/dobc/data/230911 FAILED

Time: 230911_23:18:48
Running Receiver for FIREBall image (TEXT) to image.txt...
Error: Moving file image.txt --> /home/fireball2/dobc/data/230911 FAILED

Time: 230911_23:18:54
Running Receiver for FIREBall image (TEXT) to image.txt...
ValueError("invalid literal for long() with base 10: ''",) /home/fireball2/dobc/data/230911/image.txt
Error: Moving file image.txt --> /home/fireball2/dobc/data/230911 FAILED

Time: 230911_23:19:27
Running Receiver for FIREBall image (TEXT) to image.txt...
ValueError("invalid literal for long() with base 10: '`\\xac\\x80\\x80'",) /home/fireball2/dobc/data/230911/image.txt
Error: Moving file image.txt --> /home/fireball2/dobc/data/230911 FAILED

Time: 230911_23:20:18
Running Receiver for FIREBall image (TEXT) to image.txt...
ValueError("invalid literal for long() with base 10: '?\\xf0'",) /home/fireball2/dobc/data/230911/image.txt
Error: Moving file image.txt --> /home/fireball2/dobc/data/230911 FAILED

Time: 230911_23:20:36
Running Receiver for FIREBall image (TEXT) to image.txt...
ValueError("invalid literal for long() with base 10: ''",) /home/fireball2/dobc/data/230911/image.txt
Error: Moving file image.txt --> /home/fireball2/dobc/data/230911 FAILED

Time: 230911_23:21:06
Running Receiver for FIREBall image (TEXT) to image.txt...
Error: Moving file image.txt --> /home/fireball2/dobc/data/230911 FAILED

Time: 230911_23:21:27
Running Receiver for FIREBall image (TEXT) to image.txt...
ValueError("invalid literal for long() with base 10: '\\x9bc\\x18`'",) /home/fireball2/dobc/data/230911/image.txt
Error: Moving file image.txt --> /home/fireball2/dobc/data/230911 FAILED

Time: 230911_23:22:18
Running Receiver for FIREBall image (TEXT) to image.txt...
ValueError("invalid literal for long() with base 10: '}`'",) /home/fireball2/dobc/data/230911/image.txt
Error: Moving file image.txt --> /home/fireball2/dobc/data/230911 FAILED

Time: 230911_23:23:12
Running Receiver for FIREBall image (TEXT) to image.txt...
Error: Moving file image.txt --> /home/fireball2/dobc/data/230911 FAILED

Time: 230911_23:23:27
Running Receiver for FIREBall image (TEXT) to image.txt...
Error: Moving file image.txt --> /home/fireball2/dobc/data/230911 FAILED

Time: 230911_23:23:42
Running Receiver for FIREBall image (TEXT) to image.txt...
Error: Moving file image.txt --> /home/fireball2/dobc/data/230911 FAILED

Time: 230911_23:24:09
Running Receiver for FIREBall image (TEXT) to image.txt...
ValueError("invalid literal for long() with base 10: '\\x02<'",) /home/fireball2/dobc/data/230911/image.txt
Error: Moving file image.txt --> /home/fireball2/dobc/data/230911 FAILED

Time: 230911_23:25:24
Running Receiver for FIREBall image (TEXT) to image.txt...
Error: Moving file image.txt --> /home/fireball2/dobc/data/230911 FAILED

Time: 230911_23:27:57
Running Receiver for FIREBall image (TEXT) to image.txt...
Error: Moving file image.txt --> /home/fireball2/dobc/data/230911 FAILED

Time: 230911_23:31:27
Running Receiver for FIREBall image (TEXT) to image.txt...
Error: Moving file image.txt --> /home/fireball2/dobc/data/230911 FAILED

Time: 230911_23:32:13
Running Receiver for FIREBall image (TEXT) to image.txt...
ValueError("invalid literal for long() with base 10: '_0\\x01c'",) /home/fireball2/dobc/data/230911/image.txt
Error: Moving file image.txt --> /home/fireball2/dobc/data/230911 FAILED

Time: 230911_23:33:13
Running Receiver for FIREBall image (TEXT) to image.txt...
Error: Moving file image.txt --> /home/fireball2/dobc/data/230911 FAILED

Time: 230911_23:33:55
Running Receiver for FIREBall image (TEXT) to image.txt...
Error: Moving file image.txt --> /home/fireball2/dobc/data/230911 FAILED

Time: 230911_23:34:37
Running Receiver for FIREBall image (TEXT) to image.txt...
ValueError("invalid literal for long() with base 10: '\\x9c\\xa1~'",) /home/fireball2/dobc/data/230911/image.txt
Error: Moving file image.txt --> /home/fireball2/dobc/data/230911 FAILED

Time: 230911_23:35:10
Running Receiver for FIREBall image (TEXT) to image.txt...
Error: Moving file image.txt --> /home/fireball2/dobc/data/230911 FAILED

Time: 230911_23:35:25
Running Receiver for FIREBall image (TEXT) to image.txt...
Error: Moving file image.txt --> /home/fireball2/dobc/data/230911 FAILED

Time: 230911_23:35:34
Running Receiver for FIREBall image (TEXT) to image.txt...
Error: Moving file image.txt --> /home/fireball2/dobc/data/230911 FAILED

Time: 230911_23:35:49
Running Receiver for FIREBall image (TEXT) to image.txt...
Error: Moving file image.txt --> /home/fireball2/dobc/data/230911 FAILED

Time: 230911_23:36:07
Running Receiver for FIREBall image (TEXT) to image.txt...
Error: Moving file image.txt --> /home/fireball2/dobc/data/230911 FAILED

Time: 230911_23:36:52
Running Receiver for FIREBall image (TEXT) to image.txt...
Error: Moving file image.txt --> /home/fireball2/dobc/data/230911 FAILED

Time: 230911_23:40:13
Running Receiver for FIREBall image (TEXT) to image.txt...
Error: Moving file image.txt --> /home/fireball2/dobc/data/230911 FAILED

Time: 230911_23:40:25
Running Receiver for FIREBall image (TEXT) to image.txt...
Error: Moving file image.txt --> /home/fireball2/dobc/data/230911 FAILED

Time: 230911_23:40:55
Running Receiver for FIREBall image (TEXT) to image.txt...
Error: Moving file image.txt --> /home/fireball2/dobc/data/230911 FAILED

Time: 230911_23:42:04
Running Receiver for FIREBall image (TEXT) to image.txt...
Error: Moving file image.txt --> /home/fireball2/dobc/data/230911 FAILED

Time: 230911_23:43:28
Running Receiver for FIREBall image (TEXT) to image.txt...
Error: Moving file image.txt --> /home/fireball2/dobc/data/230911 FAILED

Time: 230911_23:45:19
Running Receiver for FIREBall image (TEXT) to image.txt...
Error: Moving file image.txt --> /home/fireball2/dobc/data/230911 FAILED

Time: 230911_23:45:56
Running Receiver for FIREBall image (TEXT) to image.txt...
Error: Moving file image.txt --> /home/fireball2/dobc/data/230911 FAILED

Time: 230911_23:46:05
Running Receiver for FIREBall image (TEXT) to image.txt...
Error: Moving file image.txt --> /home/fireball2/dobc/data/230911 FAILED

Time: 230911_23:46:29
Running Receiver for FIREBall image (TEXT) to image.txt...
Error: Moving file image.txt --> /home/fireball2/dobc/data/230911 FAILED

Time: 230911_23:46:41
Running Receiver for FIREBall image (TEXT) to image.txt...
Error: Moving file image.txt --> /home/fireball2/dobc/data/230911 FAILED

Time: 230911_23:47:47
Running Receiver for FIREBall image (TEXT) to image.txt...
Error: Moving file image.txt --> /home/fireball2/dobc/data/230911 FAILED

Time: 230911_23:48:08
Running Receiver for FIREBall image (TEXT) to image.txt...
Error: Moving file image.txt --> /home/fireball2/dobc/data/230911 FAILED

Time: 230911_23:48:56
Running Receiver for FIREBall image (TEXT) to image.txt...
Error: Moving file image.txt --> /home/fireball2/dobc/data/230911 FAILED

Time: 230911_23:49:23
Running Receiver for FIREBall image (TEXT) to image.txt...
ValueError("invalid literal for long() with base 10: '\\x1e\\x9e\\x98\\x9e\\x86\\xfe\\xf8\\xfe\\xfe\\x98\\xfe\\xfe\\xfe\\xfe\\xfe\\xfe\\xfe~\\x9e\\xfe\\xe6\\xfe~f\\xfe\\xf8\\x9e\\xe6\\x86'",) /home/fireball2/dobc/data/230911/image.txt
Error: Moving file image.txt --> /home/fireball2/dobc/data/230911 FAILED

Time: 230911_23:50:11
Running Receiver for FIREBall image (TEXT) to image.txt...
Error: Moving file image.txt --> /home/fireball2/dobc/data/230911 FAILED

Time: 230911_23:50:17
Running Receiver for FIREBall image (TEXT) to image.txt...
Error: Moving file image.txt --> /home/fireball2/dobc/data/230911 FAILED

Time: 230911_23:51:23
Running Receiver for FIREBall image (TEXT) to image.txt...
Error: Moving file image.txt --> /home/fireball2/dobc/data/230911 FAILED

Time: 230911_23:51:38
Running Receiver for FIREBall image (TEXT) to image.txt...
Error: Moving file image.txt --> /home/fireball2/dobc/data/230911 FAILED

Time: 230911_23:52:35
Running Receiver for FIREBall image (TEXT) to image.txt...
ValueError("invalid literal for long() with base 10: '`'",) /home/fireball2/dobc/data/230911/image.txt
Error: Moving file image.txt --> /home/fireball2/dobc/data/230911 FAILED

Time: 230911_23:56:35
Running Receiver for FIREBall image (TEXT) to image.txt...
Error: Moving file image.txt --> /home/fireball2/dobc/data/230911 FAILED

Time: 230911_23:58:50
Running Receiver for FIREBall image (TEXT) to image.txt...
ValueError("invalid literal for long() with base 10: '\\xb1\\x81\\x0181'",) /home/fireball2/dobc/data/230911/image.txt
Error: Moving file image.txt --> /home/fireball2/dobc/data/230911 FAILED

Time: 230912_00:01:09
Running Receiver for FIREBall image (TEXT) to image.txt...
ValueError("invalid literal for long() with base 10: '\\xd3nUS\\x15\\x14\\xa8X\\xc0\\xcfnP\\xd0\\x80\\x82\\x8c\\x885V\\x80\\x881\\xbcTP\\xd8C@D\\xe0\\x15u\\x14u\\x14\\x90\\xd2o`t\\xcc\\x8c'",) /home/fireball2/dobc/data/230911/image.txt
Error: Moving file image.txt --> /home/fireball2/dobc/data/230911 FAILED

Time: 230912_00:03:12
Running Receiver for FIREBall image (TEXT) to image.txt...
