
Time: 230913_21:07:15
Running Receiver for FIREBall image (TEXT) to image.txt...
ValueError("invalid literal for long() with base 10: '\\x18`\\xbc\\x80\\x80\\x80'",) /home/fireball2/dobc/data/230913/image.txt
Error: Moving file image.txt --> /home/fireball2/dobc/data/230913 FAILED

Time: 230913_21:07:30
Running Receiver for FIREBall image (TEXT) to image.txt...
Error: Moving file image.txt --> /home/fireball2/dobc/data/230913 FAILED

Time: 230913_21:07:48
Running Receiver for FIREBall image (TEXT) to image.txt...
Error: Moving file image.txt --> /home/fireball2/dobc/data/230913 FAILED

Time: 230913_21:08:09
Running Receiver for FIREBall image (TEXT) to image.txt...
Error: Moving file image.txt --> /home/fireball2/dobc/data/230913 FAILED

Time: 230913_21:08:51
Running Receiver for FIREBall image (TEXT) to image.txt...
Error: Moving file image.txt --> /home/fireball2/dobc/data/230913 FAILED

Time: 230913_21:09:30
Running Receiver for FIREBall image (TEXT) to image.txt...
Error: Moving file image.txt --> /home/fireball2/dobc/data/230913 FAILED

Time: 230913_21:09:51
Running Receiver for FIREBall image (TEXT) to image.txt...
Error: Moving file image.txt --> /home/fireball2/dobc/data/230913 FAILED

Time: 230913_21:10:09
Running Receiver for FIREBall image (TEXT) to image.txt...
Error: Moving file image.txt --> /home/fireball2/dobc/data/230913 FAILED

Time: 230913_21:10:30
Running Receiver for FIREBall image (TEXT) to image.txt...
Error: Moving file image.txt --> /home/fireball2/dobc/data/230913 FAILED

Time: 230913_21:10:51
Running Receiver for FIREBall image (TEXT) to image.txt...
Error: Moving file image.txt --> /home/fireball2/dobc/data/230913 FAILED

Time: 230913_21:11:30
Running Receiver for FIREBall image (TEXT) to image.txt...
Error: Moving file image.txt --> /home/fireball2/dobc/data/230913 FAILED

Time: 230913_21:11:51
Running Receiver for FIREBall image (TEXT) to image.txt...
Error: Moving file image.txt --> /home/fireball2/dobc/data/230913 FAILED

Time: 230913_21:12:09
Running Receiver for FIREBall image (TEXT) to image.txt...
Error: Moving file image.txt --> /home/fireball2/dobc/data/230913 FAILED

Time: 230913_21:12:30
Running Receiver for FIREBall image (TEXT) to image.txt...
Error: Moving file image.txt --> /home/fireball2/dobc/data/230913 FAILED

Time: 230913_21:12:51
Running Receiver for FIREBall image (TEXT) to image.txt...
Error: Moving file image.txt --> /home/fireball2/dobc/data/230913 FAILED

Time: 230913_21:13:09
Running Receiver for FIREBall image (TEXT) to image.txt...
Error: Moving file image.txt --> /home/fireball2/dobc/data/230913 FAILED

Time: 230913_21:13:30
Running Receiver for FIREBall image (TEXT) to image.txt...
Error: Moving file image.txt --> /home/fireball2/dobc/data/230913 FAILED

Time: 230913_21:13:51
Running Receiver for FIREBall image (TEXT) to image.txt...
Error: Moving file image.txt --> /home/fireball2/dobc/data/230913 FAILED

Time: 230913_21:14:09
Running Receiver for FIREBall image (TEXT) to image.txt...
ValueError("invalid literal for long() with base 10: ''",) /home/fireball2/dobc/data/230913/image.txt
Error: Moving file image.txt --> /home/fireball2/dobc/data/230913 FAILED

Time: 230913_21:14:30
Running Receiver for FIREBall image (TEXT) to image.txt...
Error: Moving file image.txt --> /home/fireball2/dobc/data/230913 FAILED

Time: 230913_21:14:51
Running Receiver for FIREBall image (TEXT) to image.txt...
Error: Moving file image.txt --> /home/fireball2/dobc/data/230913 FAILED

Time: 230913_21:15:09
Running Receiver for FIREBall image (TEXT) to image.txt...
Error: Moving file image.txt --> /home/fireball2/dobc/data/230913 FAILED

Time: 230913_21:15:31
Running Receiver for FIREBall image (TEXT) to image.txt...
Error: Moving file image.txt --> /home/fireball2/dobc/data/230913 FAILED

Time: 230913_21:15:52
Running Receiver for FIREBall image (TEXT) to image.txt...
Error: Moving file image.txt --> /home/fireball2/dobc/data/230913 FAILED

Time: 230913_21:16:31
Running Receiver for FIREBall image (TEXT) to image.txt...
Error: Moving file image.txt --> /home/fireball2/dobc/data/230913 FAILED

Time: 230913_21:17:10
Running Receiver for FIREBall image (TEXT) to image.txt...
Error: Moving file image.txt --> /home/fireball2/dobc/data/230913 FAILED

Time: 230913_21:17:31
Running Receiver for FIREBall image (TEXT) to image.txt...
Error: Moving file image.txt --> /home/fireball2/dobc/data/230913 FAILED

Time: 230913_21:17:52
Running Receiver for FIREBall image (TEXT) to image.txt...
Error: Moving file image.txt --> /home/fireball2/dobc/data/230913 FAILED

Time: 230913_21:18:10
Running Receiver for FIREBall image (TEXT) to image.txt...
Error: Moving file image.txt --> /home/fireball2/dobc/data/230913 FAILED

Time: 230913_21:18:31
Running Receiver for FIREBall image (TEXT) to image.txt...
Error: Moving file image.txt --> /home/fireball2/dobc/data/230913 FAILED

Time: 230913_21:18:52
Running Receiver for FIREBall image (TEXT) to image.txt...
Error: Moving file image.txt --> /home/fireball2/dobc/data/230913 FAILED

Time: 230913_21:19:13
Running Receiver for FIREBall image (TEXT) to image.txt...
ValueError("invalid literal for long() with base 10: '\\xd1wQ\\x99\\x81k{WUt\\xb3\\xe6\\x9e]C\\xf6\\xff\\x97\\xd7\\xdc\\xe1\\xfb\\xfcW\\xb7\\xf0'",) /home/fireball2/dobc/data/230913/image.txt
Error: Moving file image.txt --> /home/fireball2/dobc/data/230913 FAILED

Time: 230913_21:19:52
Running Receiver for FIREBall image (TEXT) to image.txt...
ValueError("invalid literal for long() with base 10: '\\x1e'",) /home/fireball2/dobc/data/230913/image.txt
Error: Moving file image.txt --> /home/fireball2/dobc/data/230913 FAILED

Time: 230913_21:20:34
Running Receiver for FIREBall image (TEXT) to image.txt...
ValueError("invalid literal for long() with base 10: '\\xf9[\\xcbz\\x8eg\\x85\\x8a\\x06]\\xf3b\\x8f\\xf8\\x8d\\x01\\xe7\\xe1\\xad'",) /home/fireball2/dobc/data/230913/image.txt
Error: Moving file image.txt --> /home/fireball2/dobc/data/230913 FAILED

Time: 230913_21:21:13
Running Receiver for FIREBall image (TEXT) to image.txt...
Error: Moving file image.txt --> /home/fireball2/dobc/data/230913 FAILED

Time: 230913_21:21:22
Running Receiver for FIREBall image (TEXT) to image.txt...
Error: Moving file image.txt --> /home/fireball2/dobc/data/230913 FAILED

Time: 230913_21:21:31
Running Receiver for FIREBall image (TEXT) to image.txt...
Error: Moving file image.txt --> /home/fireball2/dobc/data/230913 FAILED

Time: 230913_21:21:49
Running Receiver for FIREBall image (TEXT) to image.txt...
Error: Moving file image.txt --> /home/fireball2/dobc/data/230913 FAILED

Time: 230913_21:22:19
Running Receiver for FIREBall image (TEXT) to image.txt...
Error: Moving file image.txt --> /home/fireball2/dobc/data/230913 FAILED

Time: 230913_21:23:04
Running Receiver for FIREBall image (TEXT) to image.txt...
Error: Moving file image.txt --> /home/fireball2/dobc/data/230913 FAILED

Time: 230913_21:23:22
Running Receiver for FIREBall image (TEXT) to image.txt...
Error: Moving file image.txt --> /home/fireball2/dobc/data/230913 FAILED

Time: 230913_21:24:07
Running Receiver for FIREBall image (TEXT) to image.txt...
ValueError("invalid literal for long() with base 10: '\\xf48\\xf4'",) /home/fireball2/dobc/data/230913/image.txt
Error: Moving file image.txt --> /home/fireball2/dobc/data/230913 FAILED

Time: 230913_21:24:58
Running Receiver for FIREBall image (TEXT) to image.txt...
ValueError('****CHECK: min value Corruption in File:',) /home/fireball2/dobc/data/230913/image.txt
Error: Moving file image.txt --> /home/fireball2/dobc/data/230913 FAILED

Time: 230913_21:25:04
Running Receiver for FIREBall image (TEXT) to image.txt...
Error: Moving file image.txt --> /home/fireball2/dobc/data/230913 FAILED

Time: 230913_21:25:31
Running Receiver for FIREBall image (TEXT) to image.txt...
ValueError("invalid literal for long() with base 10: '~`\\xf0\\\\\\xc0\\x85\\xb6\\x80\\xa1`'",) /home/fireball2/dobc/data/230913/image.txt
Error: Moving file image.txt --> /home/fireball2/dobc/data/230913 FAILED

Time: 230913_21:25:49
Running Receiver for FIREBall image (TEXT) to image.txt...
ValueError("invalid literal for long() with base 10: '\\x8aS).zR'",) /home/fireball2/dobc/data/230913/image.txt
Error: Moving file image.txt --> /home/fireball2/dobc/data/230913 FAILED

Time: 230913_21:26:19
Running Receiver for FIREBall image (TEXT) to image.txt...
ValueError('****CHECK: min value Corruption in File:',) /home/fireball2/dobc/data/230913/image.txt

Time: 230913_21:27:32
Running Receiver for FIREBall image (TEXT) to image.txt...
Error: Moving file image.txt --> /home/fireball2/dobc/data/230913 FAILED

Time: 230913_21:27:53
Running Receiver for FIREBall image (TEXT) to image.txt...
ValueError("invalid literal for long() with base 10: ''",) /home/fireball2/dobc/data/230913/image.txt
Error: Moving file image.txt --> /home/fireball2/dobc/data/230913 FAILED

Time: 230913_21:28:14
Running Receiver for FIREBall image (TEXT) to image.txt...

Time: 230913_21:28:53
Running Receiver for FIREBall image (TEXT) to image.txt...
ValueError('****CHECK: min value Corruption in File:',) /home/fireball2/dobc/data/230913/image.txt

Time: 230913_21:29:50
Running Receiver for FIREBall image (TEXT) to image.txt...
Error: Moving file image.txt --> /home/fireball2/dobc/data/230913 FAILED

Time: 230913_21:30:11
Running Receiver for FIREBall image (TEXT) to image.txt...
Error: Moving file image.txt --> /home/fireball2/dobc/data/230913 FAILED

Time: 230913_21:30:20
Running Receiver for FIREBall image (TEXT) to image.txt...
Error: Moving file image.txt --> /home/fireball2/dobc/data/230913 FAILED

Time: 230913_21:30:29
Running Receiver for FIREBall image (TEXT) to image.txt...
Error: Moving file image.txt --> /home/fireball2/dobc/data/230913 FAILED

Time: 230913_21:30:50
Running Receiver for FIREBall image (TEXT) to image.txt...
Error: Moving file image.txt --> /home/fireball2/dobc/data/230913 FAILED

Time: 230913_21:31:11
Running Receiver for FIREBall image (TEXT) to image.txt...
Error: Moving file image.txt --> /home/fireball2/dobc/data/230913 FAILED

Time: 230913_21:31:29
Running Receiver for FIREBall image (TEXT) to image.txt...
Error: Moving file image.txt --> /home/fireball2/dobc/data/230913 FAILED

Time: 230913_21:31:47
Running Receiver for FIREBall image (TEXT) to image.txt...
Error: Moving file image.txt --> /home/fireball2/dobc/data/230913 FAILED

Time: 230913_21:32:11
Running Receiver for FIREBall image (TEXT) to image.txt...
Error: Moving file image.txt --> /home/fireball2/dobc/data/230913 FAILED

Time: 230913_21:32:29
Running Receiver for FIREBall image (TEXT) to image.txt...
Error: Moving file image.txt --> /home/fireball2/dobc/data/230913 FAILED

Time: 230913_21:32:41
Running Receiver for FIREBall image (TEXT) to image.txt...
Error: Moving file image.txt --> /home/fireball2/dobc/data/230913 FAILED

Time: 230913_21:33:11
Running Receiver for FIREBall image (TEXT) to image.txt...
Error: Moving file image.txt --> /home/fireball2/dobc/data/230913 FAILED

Time: 230913_21:33:29
Running Receiver for FIREBall image (TEXT) to image.txt...
Error: Moving file image.txt --> /home/fireball2/dobc/data/230913 FAILED

Time: 230913_21:33:44
Running Receiver for FIREBall image (TEXT) to image.txt...
Error: Moving file image.txt --> /home/fireball2/dobc/data/230913 FAILED

Time: 230913_21:33:51
Running Receiver for FIREBall image (TEXT) to image.txt...
Error: Moving file image.txt --> /home/fireball2/dobc/data/230913 FAILED

Time: 230913_21:35:12
Running Receiver for FIREBall image (TEXT) to image.txt...
Error: Moving file image.txt --> /home/fireball2/dobc/data/230913 FAILED

Time: 230913_21:35:33
Running Receiver for FIREBall image (TEXT) to image.txt...
Error: Moving file image.txt --> /home/fireball2/dobc/data/230913 FAILED

Time: 230913_21:36:12
Running Receiver for FIREBall image (TEXT) to image.txt...
Error: Moving file image.txt --> /home/fireball2/dobc/data/230913 FAILED

Time: 230913_21:36:33
Running Receiver for FIREBall image (TEXT) to image.txt...
Error: Moving file image.txt --> /home/fireball2/dobc/data/230913 FAILED

Time: 230913_21:37:15
Running Receiver for FIREBall image (TEXT) to image.txt...
Error: Moving file image.txt --> /home/fireball2/dobc/data/230913 FAILED

Time: 230913_21:37:33
Running Receiver for FIREBall image (TEXT) to image.txt...
Error: Moving file image.txt --> /home/fireball2/dobc/data/230913 FAILED

Time: 230913_21:37:54
Running Receiver for FIREBall image (TEXT) to image.txt...
Error: Moving file image.txt --> /home/fireball2/dobc/data/230913 FAILED

Time: 230913_21:38:12
Running Receiver for FIREBall image (TEXT) to image.txt...
Error: Moving file image.txt --> /home/fireball2/dobc/data/230913 FAILED

Time: 230913_21:38:33
Running Receiver for FIREBall image (TEXT) to image.txt...
Error: Moving file image.txt --> /home/fireball2/dobc/data/230913 FAILED

Time: 230913_21:38:51
Running Receiver for FIREBall image (TEXT) to image.txt...
Error: Moving file image.txt --> /home/fireball2/dobc/data/230913 FAILED

Time: 230913_21:39:03
Running Receiver for FIREBall image (TEXT) to image.txt...
Error: Moving file image.txt --> /home/fireball2/dobc/data/230913 FAILED

Time: 230913_21:39:12
Running Receiver for FIREBall image (TEXT) to image.txt...
Error: Moving file image.txt --> /home/fireball2/dobc/data/230913 FAILED

Time: 230913_21:40:03
Running Receiver for FIREBall image (TEXT) to image.txt...
Error: Moving file image.txt --> /home/fireball2/dobc/data/230913 FAILED

Time: 230913_21:57:52
Running Receiver for FIREBall image (TEXT) to image.txt...
Error: Moving file image.txt --> /home/fireball2/dobc/data/230913 FAILED

Time: 230913_21:58:16
Running Receiver for FIREBall image (TEXT) to image.txt...
ValueError("invalid literal for long() with base 10: 'Q%\\xd2\\xe2\\xd2fQ\\x01\\xcd'",) /home/fireball2/dobc/data/230913/image.txt
Error: Moving file image.txt --> /home/fireball2/dobc/data/230913 FAILED

Time: 230913_21:58:40
Running Receiver for FIREBall image (TEXT) to image.txt...
Error: Moving file image.txt --> /home/fireball2/dobc/data/230913 FAILED

Time: 230913_22:00:01
Running Receiver for FIREBall image (TEXT) to image.txt...
ValueError('****CHECK: min value Corruption in File:',) /home/fireball2/dobc/data/230913/image.txt

Time: 230913_22:00:28
Running Receiver for FIREBall image (TEXT) to image.txt...
ValueError("invalid literal for long() with base 10: '\\x82\\xd1jQ\\x01a\\x01\\xd1\\x82U\\xd9!\\x81\\x11\\x12\\xd2\\x82\\xd2jI\\x01a\\xd5\\xd2\\x81Vaa\\x01a\\xc1B\\x01\\x01!i\\x81\\xcd\\x06\\x19\\x82\\xd2V\\x19\\x81\\xd2\\xc9\\xd2\\x81\\xd1\\xc5'",) /home/fireball2/dobc/data/230913/image.txt
Error: Moving file image.txt --> /home/fireball2/dobc/data/230913 FAILED

Time: 230913_22:00:55
Running Receiver for FIREBall image (TEXT) to image.txt...
ValueError("invalid literal for long() with base 10: '\\x19x\\x80'",) /home/fireball2/dobc/data/230913/image.txt
Error: Moving file image.txt --> /home/fireball2/dobc/data/230913 FAILED

Time: 230913_22:02:41
Running Receiver for FIREBall image (TEXT) to image.txt...
Error: Moving file image.txt --> /home/fireball2/dobc/data/230913 FAILED

Time: 230913_22:05:17
Running Receiver for FIREBall image (TEXT) to image.txt...
ValueError("invalid literal for long() with base 10: '\\x0e\\xa9y\\xad(\\xf3'",) /home/fireball2/dobc/data/230913/image.txt
Error: Moving file image.txt --> /home/fireball2/dobc/data/230913 FAILED

Time: 230913_22:06:05
Running Receiver for FIREBall image (TEXT) to image.txt...
ValueError("invalid literal for long() with base 10: 'u\\xef\\x0e\\xffO\\x1f\\xb6\\x1d}\\xae\\xe7\\xff\\xd7\\x85uE\\xbc\\xef\\x95\\xda\\xa5s#\\xef\\xb0\\xd6\\xe6\\x8e\\xa7\\xe3\\xd5\\xd8\\xf8y9\\x9b\\xdc6n\\xcfkS\\xd8W\\xf5g\\xe7\\x9fE\\xd0\\xd6\\xcd\\xda\\xd3\\x15\\x9e'",) /home/fireball2/dobc/data/230913/image.txt
Error: Moving file image.txt --> /home/fireball2/dobc/data/230913 FAILED

Time: 230913_22:07:41
Running Receiver for FIREBall image (TEXT) to image.txt...
Error: Moving file image.txt --> /home/fireball2/dobc/data/230913 FAILED

Time: 230913_22:09:35
Running Receiver for FIREBall image (TEXT) to image.txt...
ValueError("invalid literal for long() with base 10: '$/\\xa5'",) /home/fireball2/dobc/data/230913/image.txt
Error: Moving file image.txt --> /home/fireball2/dobc/data/230913 FAILED

Time: 230913_22:10:59
Running Receiver for FIREBall image (TEXT) to image.txt...
ValueError("invalid literal for long() with base 10: '\\xe3\\x98\\xa8'",) /home/fireball2/dobc/data/230913/image.txt
Error: Moving file image.txt --> /home/fireball2/dobc/data/230913 FAILED

Time: 230913_22:20:57
Running Receiver for FIREBall image (TEXT) to image.txt...
ValueError("invalid literal for long() with base 10: '\\xf8\\x99\\xf8\\xfe\\xfe\\x98\\x1ex\\xfe\\x1ef\\x06\\x9e\\xfe\\xe6\\x9e\\xfe\\xe6\\x9e'",) /home/fireball2/dobc/data/230913/image.txt
Error: Moving file image.txt --> /home/fireball2/dobc/data/230913 FAILED

Time: 230913_22:23:18
Running Receiver for FIREBall image (TEXT) to image.txt...
Error: Moving file image.txt --> /home/fireball2/dobc/data/230913 FAILED

Time: 230913_22:25:18
Running Receiver for FIREBall image (TEXT) to image.txt...
Error: Moving file image.txt --> /home/fireball2/dobc/data/230913 FAILED

Time: 230913_22:25:57
Running Receiver for FIREBall image (TEXT) to image.txt...
ValueError("invalid literal for long() with base 10: ''",) /home/fireball2/dobc/data/230913/image.txt
Error: Moving file image.txt --> /home/fireball2/dobc/data/230913 FAILED

Time: 230913_22:26:18
Running Receiver for FIREBall image (TEXT) to image.txt...
Error: Moving file image.txt --> /home/fireball2/dobc/data/230913 FAILED

Time: 230913_22:26:36
Running Receiver for FIREBall image (TEXT) to image.txt...
Error: Moving file image.txt --> /home/fireball2/dobc/data/230913 FAILED

Time: 230913_22:27:36
Running Receiver for FIREBall image (TEXT) to image.txt...
Error: Moving file image.txt --> /home/fireball2/dobc/data/230913 FAILED

Time: 230913_22:27:57
Running Receiver for FIREBall image (TEXT) to image.txt...
ValueError("invalid literal for long() with base 10: '\\xffK\\x89<\\x8a\\xe6];>\\xfd\\xfeN>\\xf0\\xfe\\xfe\\xfe\\xfe\\xfe\\xfe\\xfe~\\xfe\\xfe\\xfe\\xfe\\xfe~\\xfe\\x9e\\xfe\\xfe\\x9e\\xfe\\xf8\\x9eff\\xfe\\x86\\xe6\\xe6'",) /home/fireball2/dobc/data/230913/image.txt
Error: Moving file image.txt --> /home/fireball2/dobc/data/230913 FAILED

Time: 230913_22:28:15
Running Receiver for FIREBall image (TEXT) to image.txt...
Error: Moving file image.txt --> /home/fireball2/dobc/data/230913 FAILED

Time: 230913_22:28:36
Running Receiver for FIREBall image (TEXT) to image.txt...
ValueError("invalid literal for long() with base 10: '`'",) /home/fireball2/dobc/data/230913/image.txt
Error: Moving file image.txt --> /home/fireball2/dobc/data/230913 FAILED

Time: 230913_22:40:40
Running Receiver for FIREBall image (TEXT) to image.txt...
ValueError("invalid literal for long() with base 10: '\\x0f\\xc0\\xc5t\\x80\\x18'",) /home/fireball2/dobc/data/230913/image.txt
Error: Moving file image.txt --> /home/fireball2/dobc/data/230913 FAILED

Time: 230913_22:44:02
Running Receiver for FIREBall image (TEXT) to image.txt...
Error: Moving file image.txt --> /home/fireball2/dobc/data/230913 FAILED

Time: 230913_22:44:20
Running Receiver for FIREBall image (TEXT) to image.txt...
Error: Moving file image.txt --> /home/fireball2/dobc/data/230913 FAILED

Time: 230913_22:44:59
Running Receiver for FIREBall image (TEXT) to image.txt...
Error: Moving file image.txt --> /home/fireball2/dobc/data/230913 FAILED

Time: 230913_22:45:23
Running Receiver for FIREBall image (TEXT) to image.txt...
Error: Moving file image.txt --> /home/fireball2/dobc/data/230913 FAILED

Time: 230913_22:45:41
Running Receiver for FIREBall image (TEXT) to image.txt...
Error: Moving file image.txt --> /home/fireball2/dobc/data/230913 FAILED

Time: 230913_22:45:47
Running Receiver for FIREBall image (TEXT) to image.txt...
ValueError("invalid literal for long() with base 10: '\\xe0\\xd8\\xb0\\xb0\\x03`\\x18\\x17`'",) /home/fireball2/dobc/data/230913/image.txt
Error: Moving file image.txt --> /home/fireball2/dobc/data/230913 FAILED

Time: 230913_22:46:17
Running Receiver for FIREBall image (TEXT) to image.txt...
Error: Moving file image.txt --> /home/fireball2/dobc/data/230913 FAILED

Time: 230913_22:46:38
Running Receiver for FIREBall image (TEXT) to image.txt...
Error: Moving file image.txt --> /home/fireball2/dobc/data/230913 FAILED

Time: 230913_22:46:59
Running Receiver for FIREBall image (TEXT) to image.txt...
Error: Moving file image.txt --> /home/fireball2/dobc/data/230913 FAILED

Time: 230913_22:47:17
Running Receiver for FIREBall image (TEXT) to image.txt...
Error: Moving file image.txt --> /home/fireball2/dobc/data/230913 FAILED

Time: 230913_22:47:38
Running Receiver for FIREBall image (TEXT) to image.txt...
Error: Moving file image.txt --> /home/fireball2/dobc/data/230913 FAILED

Time: 230913_22:47:59
Running Receiver for FIREBall image (TEXT) to image.txt...
Error: Moving file image.txt --> /home/fireball2/dobc/data/230913 FAILED

Time: 230913_22:48:17
Running Receiver for FIREBall image (TEXT) to image.txt...
Error: Moving file image.txt --> /home/fireball2/dobc/data/230913 FAILED

Time: 230913_22:48:38
Running Receiver for FIREBall image (TEXT) to image.txt...
Error: Moving file image.txt --> /home/fireball2/dobc/data/230913 FAILED

Time: 230913_22:48:56
Running Receiver for FIREBall image (TEXT) to image.txt...
Error: Moving file image.txt --> /home/fireball2/dobc/data/230913 FAILED

Time: 230913_22:49:17
Running Receiver for FIREBall image (TEXT) to image.txt...
Error: Moving file image.txt --> /home/fireball2/dobc/data/230913 FAILED

Time: 230913_22:49:38
Running Receiver for FIREBall image (TEXT) to image.txt...
Error: Moving file image.txt --> /home/fireball2/dobc/data/230913 FAILED

Time: 230913_22:49:59
Running Receiver for FIREBall image (TEXT) to image.txt...
ValueError("invalid literal for long() with base 10: '\\xf6\\x98u\\xef\\xda\\xde\\x8eo\\xd5'",) /home/fireball2/dobc/data/230913/image.txt
Error: Moving file image.txt --> /home/fireball2/dobc/data/230913 FAILED

Time: 230913_22:50:38
Running Receiver for FIREBall image (TEXT) to image.txt...
Error: Moving file image.txt --> /home/fireball2/dobc/data/230913 FAILED

Time: 230913_22:50:56
Running Receiver for FIREBall image (TEXT) to image.txt...
Error: Moving file image.txt --> /home/fireball2/dobc/data/230913 FAILED

Time: 230913_22:51:17
Running Receiver for FIREBall image (TEXT) to image.txt...
Error: Moving file image.txt --> /home/fireball2/dobc/data/230913 FAILED

Time: 230913_22:51:35
Running Receiver for FIREBall image (TEXT) to image.txt...
Error: Moving file image.txt --> /home/fireball2/dobc/data/230913 FAILED

Time: 230913_22:51:56
Running Receiver for FIREBall image (TEXT) to image.txt...
Error: Moving file image.txt --> /home/fireball2/dobc/data/230913 FAILED

Time: 230913_22:52:17
Running Receiver for FIREBall image (TEXT) to image.txt...
Error: Moving file image.txt --> /home/fireball2/dobc/data/230913 FAILED

Time: 230913_22:52:35
Running Receiver for FIREBall image (TEXT) to image.txt...
Error: Moving file image.txt --> /home/fireball2/dobc/data/230913 FAILED

Time: 230913_22:52:56
Running Receiver for FIREBall image (TEXT) to image.txt...
Error: Moving file image.txt --> /home/fireball2/dobc/data/230913 FAILED

Time: 230913_22:53:17
Running Receiver for FIREBall image (TEXT) to image.txt...
Error: Moving file image.txt --> /home/fireball2/dobc/data/230913 FAILED

Time: 230913_22:53:56
Running Receiver for FIREBall image (TEXT) to image.txt...
Error: Moving file image.txt --> /home/fireball2/dobc/data/230913 FAILED

Time: 230913_22:54:14
Running Receiver for FIREBall image (TEXT) to image.txt...
Error: Moving file image.txt --> /home/fireball2/dobc/data/230913 FAILED

Time: 230913_22:54:35
Running Receiver for FIREBall image (TEXT) to image.txt...
Error: Moving file image.txt --> /home/fireball2/dobc/data/230913 FAILED

Time: 230913_22:54:56
Running Receiver for FIREBall image (TEXT) to image.txt...
Error: Moving file image.txt --> /home/fireball2/dobc/data/230913 FAILED

Time: 230913_22:55:17
Running Receiver for FIREBall image (TEXT) to image.txt...
Error: Moving file image.txt --> /home/fireball2/dobc/data/230913 FAILED

Time: 230913_22:55:35
Running Receiver for FIREBall image (TEXT) to image.txt...
Error: Moving file image.txt --> /home/fireball2/dobc/data/230913 FAILED

Time: 230913_22:55:57
Running Receiver for FIREBall image (TEXT) to image.txt...
Error: Moving file image.txt --> /home/fireball2/dobc/data/230913 FAILED

Time: 230913_22:56:15
Running Receiver for FIREBall image (TEXT) to image.txt...
Error: Moving file image.txt --> /home/fireball2/dobc/data/230913 FAILED

Time: 230913_22:56:36
Running Receiver for FIREBall image (TEXT) to image.txt...
Error: Moving file image.txt --> /home/fireball2/dobc/data/230913 FAILED

Time: 230913_22:56:57
Running Receiver for FIREBall image (TEXT) to image.txt...
Error: Moving file image.txt --> /home/fireball2/dobc/data/230913 FAILED

Time: 230913_22:57:15
Running Receiver for FIREBall image (TEXT) to image.txt...
Error: Moving file image.txt --> /home/fireball2/dobc/data/230913 FAILED

Time: 230913_22:57:36
Running Receiver for FIREBall image (TEXT) to image.txt...
Error: Moving file image.txt --> /home/fireball2/dobc/data/230913 FAILED

Time: 230913_22:57:54
Running Receiver for FIREBall image (TEXT) to image.txt...
Error: Moving file image.txt --> /home/fireball2/dobc/data/230913 FAILED

Time: 230913_22:58:15
Running Receiver for FIREBall image (TEXT) to image.txt...
Error: Moving file image.txt --> /home/fireball2/dobc/data/230913 FAILED

Time: 230913_22:58:54
Running Receiver for FIREBall image (TEXT) to image.txt...
Error: Moving file image.txt --> /home/fireball2/dobc/data/230913 FAILED

Time: 230913_22:59:15
Running Receiver for FIREBall image (TEXT) to image.txt...
Error: Moving file image.txt --> /home/fireball2/dobc/data/230913 FAILED

Time: 230913_22:59:36
Running Receiver for FIREBall image (TEXT) to image.txt...
Error: Moving file image.txt --> /home/fireball2/dobc/data/230913 FAILED

Time: 230913_23:00:15
Running Receiver for FIREBall image (TEXT) to image.txt...
Error: Moving file image.txt --> /home/fireball2/dobc/data/230913 FAILED

Time: 230913_23:03:24
Running Receiver for FIREBall image (TEXT) to image.txt...
Error: Moving file image.txt --> /home/fireball2/dobc/data/230913 FAILED

Time: 230913_23:04:00
Running Receiver for FIREBall image (TEXT) to image.txt...
ValueError('****CHECK: min value Corruption in File:',) /home/fireball2/dobc/data/230913/image.txt

Time: 230913_23:04:30
Running Receiver for FIREBall image (TEXT) to image.txt...
ValueError('****CHECK: min value Corruption in File:',) /home/fireball2/dobc/data/230913/image.txt

Time: 230913_23:04:58
Running Receiver for FIREBall image (TEXT) to image.txt...
ValueError('****CHECK: min value Corruption in File:',) /home/fireball2/dobc/data/230913/image.txt

Time: 230913_23:05:13
Running Receiver for FIREBall image (TEXT) to image.txt...
Error: Moving file image.txt --> /home/fireball2/dobc/data/230913 FAILED

Time: 230913_23:05:34
Running Receiver for FIREBall image (TEXT) to image.txt...

Time: 230913_23:06:01
Running Receiver for FIREBall image (TEXT) to image.txt...
Error: Moving file image.txt --> /home/fireball2/dobc/data/230913 FAILED

Time: 230913_23:06:31
Running Receiver for FIREBall image (TEXT) to image.txt...
ValueError('****CHECK: min value Corruption in File:',) /home/fireball2/dobc/data/230913/image.txt

Time: 230913_23:06:58
Running Receiver for FIREBall image (TEXT) to image.txt...
ValueError('****CHECK: min value Corruption in File:',) /home/fireball2/dobc/data/230913/image.txt

Time: 230913_23:07:28
Running Receiver for FIREBall image (TEXT) to image.txt...
Error: Moving file image.txt --> /home/fireball2/dobc/data/230913 FAILED

Time: 230913_23:08:34
Running Receiver for FIREBall image (TEXT) to image.txt...
ValueError('****CHECK: min value Corruption in File:',) /home/fireball2/dobc/data/230913/image.txt

Time: 230913_23:09:01
Running Receiver for FIREBall image (TEXT) to image.txt...
ValueError('****CHECK: min value Corruption in File:',) /home/fireball2/dobc/data/230913/image.txt

Time: 230913_23:09:26
Running Receiver for FIREBall image (TEXT) to image.txt...
ValueError('****CHECK: min value Corruption in File:',) /home/fireball2/dobc/data/230913/image.txt

Time: 230913_23:09:47
Running Receiver for FIREBall image (TEXT) to image.txt...
Error: Moving file image.txt --> /home/fireball2/dobc/data/230913 FAILED

Time: 230913_23:10:11
Running Receiver for FIREBall image (TEXT) to image.txt...
Error: Moving file image.txt --> /home/fireball2/dobc/data/230913 FAILED

Time: 230913_23:10:50
Running Receiver for FIREBall image (TEXT) to image.txt...
ValueError('****CHECK: min value Corruption in File:',) /home/fireball2/dobc/data/230913/image.txt

Time: 230913_23:11:29
Running Receiver for FIREBall image (TEXT) to image.txt...
ValueError('****CHECK: min value Corruption in File:',) /home/fireball2/dobc/data/230913/image.txt

Time: 230913_23:11:59
Running Receiver for FIREBall image (TEXT) to image.txt...
Error: Moving file image.txt --> /home/fireball2/dobc/data/230913 FAILED

Time: 230913_23:12:57
Running Receiver for FIREBall image (TEXT) to image.txt...
ValueError('****CHECK: min value Corruption in File:',) /home/fireball2/dobc/data/230913/image.txt

Time: 230913_23:13:21
Running Receiver for FIREBall image (TEXT) to image.txt...
ValueError('****CHECK: min value Corruption in File:',) /home/fireball2/dobc/data/230913/image.txt

Time: 230913_23:13:45
Running Receiver for FIREBall image (TEXT) to image.txt...
Error: Moving file image.txt --> /home/fireball2/dobc/data/230913 FAILED

Time: 230913_23:14:06
Running Receiver for FIREBall image (TEXT) to image.txt...
ValueError('****CHECK: min value Corruption in File:',) /home/fireball2/dobc/data/230913/image.txt

Time: 230913_23:14:27
Running Receiver for FIREBall image (TEXT) to image.txt...
ValueError('****CHECK: min value Corruption in File:',) /home/fireball2/dobc/data/230913/image.txt
Error: Moving file image.txt --> /home/fireball2/dobc/data/230913 FAILED

Time: 230913_23:14:57
Running Receiver for FIREBall image (TEXT) to image.txt...
Error: Moving file image.txt --> /home/fireball2/dobc/data/230913 FAILED

Time: 230913_23:15:18
Running Receiver for FIREBall image (TEXT) to image.txt...
Error: Moving file image.txt --> /home/fireball2/dobc/data/230913 FAILED

Time: 230913_23:15:36
Running Receiver for FIREBall image (TEXT) to image.txt...
Error: Moving file image.txt --> /home/fireball2/dobc/data/230913 FAILED

Time: 230913_23:15:57
Running Receiver for FIREBall image (TEXT) to image.txt...
Error: Moving file image.txt --> /home/fireball2/dobc/data/230913 FAILED

Time: 230913_23:16:18
Running Receiver for FIREBall image (TEXT) to image.txt...
Error: Moving file image.txt --> /home/fireball2/dobc/data/230913 FAILED

Time: 230913_23:16:36
Running Receiver for FIREBall image (TEXT) to image.txt...
Error: Moving file image.txt --> /home/fireball2/dobc/data/230913 FAILED

Time: 230913_23:16:57
Running Receiver for FIREBall image (TEXT) to image.txt...
Error: Moving file image.txt --> /home/fireball2/dobc/data/230913 FAILED

Time: 230913_23:17:18
Running Receiver for FIREBall image (TEXT) to image.txt...
Error: Moving file image.txt --> /home/fireball2/dobc/data/230913 FAILED

Time: 230913_23:17:39
Running Receiver for FIREBall image (TEXT) to image.txt...
Error: Moving file image.txt --> /home/fireball2/dobc/data/230913 FAILED

Time: 230913_23:17:57
Running Receiver for FIREBall image (TEXT) to image.txt...
Error: Moving file image.txt --> /home/fireball2/dobc/data/230913 FAILED

Time: 230913_23:18:18
Running Receiver for FIREBall image (TEXT) to image.txt...
Error: Moving file image.txt --> /home/fireball2/dobc/data/230913 FAILED

Time: 230913_23:18:39
Running Receiver for FIREBall image (TEXT) to image.txt...
Error: Moving file image.txt --> /home/fireball2/dobc/data/230913 FAILED

Time: 230913_23:19:00
Running Receiver for FIREBall image (TEXT) to image.txt...
Error: Moving file image.txt --> /home/fireball2/dobc/data/230913 FAILED

Time: 230913_23:19:18
Running Receiver for FIREBall image (TEXT) to image.txt...
Error: Moving file image.txt --> /home/fireball2/dobc/data/230913 FAILED

Time: 230913_23:19:39
Running Receiver for FIREBall image (TEXT) to image.txt...
Error: Moving file image.txt --> /home/fireball2/dobc/data/230913 FAILED

Time: 230913_23:20:00
Running Receiver for FIREBall image (TEXT) to image.txt...
Error: Moving file image.txt --> /home/fireball2/dobc/data/230913 FAILED

Time: 230913_23:20:18
Running Receiver for FIREBall image (TEXT) to image.txt...
Error: Moving file image.txt --> /home/fireball2/dobc/data/230913 FAILED

Time: 230913_23:20:39
Running Receiver for FIREBall image (TEXT) to image.txt...
Error: Moving file image.txt --> /home/fireball2/dobc/data/230913 FAILED

Time: 230913_23:21:00
Running Receiver for FIREBall image (TEXT) to image.txt...
Error: Moving file image.txt --> /home/fireball2/dobc/data/230913 FAILED

Time: 230913_23:21:21
Running Receiver for FIREBall image (TEXT) to image.txt...
Error: Moving file image.txt --> /home/fireball2/dobc/data/230913 FAILED

Time: 230913_23:21:43
Running Receiver for FIREBall image (TEXT) to image.txt...
Error: Moving file image.txt --> /home/fireball2/dobc/data/230913 FAILED

Time: 230913_23:22:04
Running Receiver for FIREBall image (TEXT) to image.txt...
Error: Moving file image.txt --> /home/fireball2/dobc/data/230913 FAILED

Time: 230913_23:22:22
Running Receiver for FIREBall image (TEXT) to image.txt...
Error: Moving file image.txt --> /home/fireball2/dobc/data/230913 FAILED

Time: 230913_23:22:43
Running Receiver for FIREBall image (TEXT) to image.txt...
Error: Moving file image.txt --> /home/fireball2/dobc/data/230913 FAILED

Time: 230913_23:23:04
Running Receiver for FIREBall image (TEXT) to image.txt...
Error: Moving file image.txt --> /home/fireball2/dobc/data/230913 FAILED

Time: 230913_23:23:43
Running Receiver for FIREBall image (TEXT) to image.txt...
Error: Moving file image.txt --> /home/fireball2/dobc/data/230913 FAILED

Time: 230913_23:24:04
Running Receiver for FIREBall image (TEXT) to image.txt...
Error: Moving file image.txt --> /home/fireball2/dobc/data/230913 FAILED

Time: 230913_23:24:25
Running Receiver for FIREBall image (TEXT) to image.txt...
Error: Moving file image.txt --> /home/fireball2/dobc/data/230913 FAILED

Time: 230913_23:24:43
Running Receiver for FIREBall image (TEXT) to image.txt...
Error: Moving file image.txt --> /home/fireball2/dobc/data/230913 FAILED

Time: 230913_23:25:04
Running Receiver for FIREBall image (TEXT) to image.txt...
Error: Moving file image.txt --> /home/fireball2/dobc/data/230913 FAILED

Time: 230913_23:25:22
Running Receiver for FIREBall image (TEXT) to image.txt...
Error: Moving file image.txt --> /home/fireball2/dobc/data/230913 FAILED

Time: 230913_23:25:43
Running Receiver for FIREBall image (TEXT) to image.txt...
Error: Moving file image.txt --> /home/fireball2/dobc/data/230913 FAILED

Time: 230913_23:26:22
Running Receiver for FIREBall image (TEXT) to image.txt...
Error: Moving file image.txt --> /home/fireball2/dobc/data/230913 FAILED

Time: 230913_23:26:43
Running Receiver for FIREBall image (TEXT) to image.txt...
Error executing command: ./test --> Receiving --> image.txt

Time: 230913_23:26:50
Running Receiver for FIREBall image (TEXT) to image.txt...
